#
# A fatal error has been detected by the Java Runtime Environment:
#
#  EXCEPTION_ACCESS_VIOLATION (0xc0000005) at pc=0x0000017a2c721066, pid=12752, tid=0x0000000000003c18
#
# JRE version: OpenJDK Runtime Environment (8.0_382-b05) (build 1.8.0_382-b05)
# Java VM: OpenJDK 64-Bit Server VM (25.382-b05 mixed mode windows-amd64 compressed oops)
# Problematic frame:
# C  [OpenAL64.dll+0x11066]
#
# Failed to write core dump. Minidumps are not enabled by default on client versions of Windows
#
# If you would like to submit a bug report, please visit:
#   https://github.com/adoptium/adoptium-support/issues
# The crash happened outside the Java Virtual Machine in native code.
# See problematic frame for where to report the bug.
#

---------------  T H R E A D  ---------------

Current thread (0x0000017a02bb3000):  JavaThread "main" [_thread_in_native, id=15384, stack(0x00000020b7400000,0x00000020b7500000)]

siginfo: ExceptionCode=0xc0000005, reading address 0x0000017a2a38c004

Registers:
RAX=0x0000000000000001, RBX=0x0000017a2ca50090, RCX=0x0000017a2a38c008, RDX=0x0000017a2a38c004
RSP=0x00000020b74fc130, RBP=0x00000000000000ff, RSI=0x0000017a2a381f9c, RDI=0x0000000000000000
R8 =0x000000000000281a, R9 =0x0000017a2a381f9c, R10=0x0000017a04689622, R11=0x00000000706a8ee0
R12=0x0000000000000001, R13=0x0000017a2b34ea58, R14=0x00000020b74fc2d0, R15=0x0000017a02bb3000
RIP=0x0000017a2c721066, EFLAGS=0x0000000000010202

Top of Stack: (sp=0x00000020b74fc130)
0x00000020b74fc130:   0000000000000000 0000017a02bb3000
0x00000020b74fc140:   00000020b74fc2d0 0000017a2b34ea58
0x00000020b74fc150:   0000017a2b34ea58 0000000000000000
0x00000020b74fc160:   0000017a02bb3000 0000000000000000
0x00000020b74fc170:   00000020b74fc298 000000007053f1eb
0x00000020b74fc180:   00000020b74fc1b0 0000017a046ca2d3
0x00000020b74fc190:   0000017a02b7cf50 0000017a02bb5b30
0x00000020b74fc1a0:   0000017a02bb3000 00000020b74fc2d0
0x00000020b74fc1b0:   0000017a2b34ea58 0000000000000000
0x00000020b74fc1c0:   0000017a2a381f9c 0000000000000248
0x00000020b74fc1d0:   00000020b74fc298 0000017a2c72248f
0x00000020b74fc1e0:   0000017a2ca50090 0000017a2ca50090
0x00000020b74fc1f0:   0000017a0000ac44 0000017a00000001
0x00000020b74fc200:   0000017a04677bd0 0000017a0468964e
0x00000020b74fc210:   0000017a2b34ea58 0000000000000248
0x00000020b74fc220:   0000017a04677bd0 0000017a0468935b 

Instructions: (pc=0x0000017a2c721066)
0x0000017a2c721046:   41 2b ec 81 3a 03 00 02 00 75 09 8b 01 89 84 24
0x0000017a2c721056:   c8 00 00 00 49 83 c0 02 48 83 c1 08 4a 8d 14 86
0x0000017a2c721066:   39 3a 75 af 4c 8d 84 24 c0 00 00 00 48 8d 15 d7
0x0000017a2c721076:   2b 03 00 33 c9 e8 58 5f 00 00 b8 40 1f 00 00 4c 


Register to memory mapping:

RAX=0x0000000000000001 is an unknown value
RBX=0x0000017a2ca50090 is an unknown value
RCX=0x0000017a2a38c008 is an unknown value
RDX=0x0000017a2a38c004 is an unknown value
RSP=0x00000020b74fc130 is pointing into the stack for thread: 0x0000017a02bb3000
RBP=0x00000000000000ff is an unknown value
RSI=0x0000017a2a381f9c is an unknown value
RDI=0x0000000000000000 is an unknown value
R8 =0x000000000000281a is an unknown value
R9 =0x0000017a2a381f9c is an unknown value
R10=0x0000017a04689622 is at code_begin+962 in an Interpreter codelet
method entry point (kind = native)  [0x0000017a04689260, 0x0000017a04689d00]  2720 bytes
R11=0x00000000706a8ee0 is an unknown value
R12=0x0000000000000001 is an unknown value
R13={method} {0x0000017a2b34ea60} 'nalcCreateContext' '(JJ)J' in 'org/lwjgl/openal/ALC10'
R14=0x00000020b74fc2d0 is pointing into the stack for thread: 0x0000017a02bb3000
R15=0x0000017a02bb3000 is a thread


Stack: [0x00000020b7400000,0x00000020b7500000],  sp=0x00000020b74fc130,  free space=1008k
Native frames: (J=compiled Java code, j=interpreted, Vv=VM code, C=native code)
C  [OpenAL64.dll+0x11066]
C  [OpenAL64.dll+0x1248f]
C  0x0000017a0468964e

Java frames: (J=compiled Java code, j=interpreted, Vv=VM code)
j  org.lwjgl.openal.ALC10.nalcCreateContext(JJ)J+0
j  org.lwjgl.openal.ALC10.alcCreateContext(Lorg/lwjgl/openal/ALCdevice;Ljava/nio/IntBuffer;)Lorg/lwjgl/openal/ALCcontext;+8
j  org.lwjgl.openal.AL.init(Ljava/lang/String;IIZZ)V+69
j  org.lwjgl.openal.AL.create(Ljava/lang/String;IIZZ)V+246
j  org.lwjgl.openal.AL.create(Ljava/lang/String;IIZ)V+5
j  org.lwjgl.openal.AL.create()V+6
j  com.badlogic.gdx.backends.lwjgl.audio.OpenALAudio.<init>(III)V+114
j  com.badlogic.gdx.backends.lwjgl.LwjglApplication.<init>(Lcom/badlogic/gdx/ApplicationListener;Lcom/badlogic/gdx/backends/lwjgl/LwjglApplicationConfiguration;Lcom/badlogic/gdx/backends/lwjgl/LwjglGraphics;)V+120
j  com.badlogic.gdx.backends.lwjgl.LwjglApplication.<init>(Lcom/badlogic/gdx/ApplicationListener;Lcom/badlogic/gdx/backends/lwjgl/LwjglApplicationConfiguration;)V+11
j  org.uqbar.project.wollok.game.gameboard.WollokGDXApplication.<init>(Lorg/uqbar/project/wollok/game/gameboard/Gameboard;Ljava/lang/Boolean;)V+17
j  org.uqbar.project.wollok.game.helpers.Application.start(Lorg/uqbar/project/wollok/game/gameboard/Gameboard;Ljava/lang/Boolean;)V+5
j  org.uqbar.project.wollok.game.gameboard.Gameboard.start(Ljava/lang/Boolean;)V+13
j  wollok.game.GameObject.doStart(Ljava/lang/Boolean;)V+12
v  ~StubRoutines::call_stub
J 3688  sun.reflect.NativeMethodAccessorImpl.invoke0(Ljava/lang/reflect/Method;Ljava/lang/Object;[Ljava/lang/Object;)Ljava/lang/Object; (0 bytes) @ 0x0000017a051cfabf [0x0000017a051cfa40+0x7f]
J 3236 C1 sun.reflect.NativeMethodAccessorImpl.invoke(Ljava/lang/Object;[Ljava/lang/Object;)Ljava/lang/Object; (104 bytes) @ 0x0000017a05050254 [0x0000017a0504fe60+0x3f4]
J 2754 C1 sun.reflect.DelegatingMethodAccessorImpl.invoke(Ljava/lang/Object;[Ljava/lang/Object;)Ljava/lang/Object; (10 bytes) @ 0x0000017a04f4ac0c [0x0000017a04f4ab00+0x10c]
J 2753 C1 java.lang.reflect.Method.invoke(Ljava/lang/Object;[Ljava/lang/Object;)Ljava/lang/Object; (62 bytes) @ 0x0000017a04f4b3b4 [0x0000017a04f4afc0+0x3f4]
J 3735 C1 org.uqbar.project.wollok.ui.utils.XTendUtilExtensions.invokeConvertingArgs(Ljava/lang/reflect/Method;Ljava/lang/Object;[Ljava/lang/Object;)Lorg/uqbar/project/wollok/interpreter/core/WollokObject; (368 bytes) @ 0x0000017a052131c4 [0x0000017a052115e0+0x1be4]
J 3607 C1 org.uqbar.project.wollok.interpreter.AbstractWollokCallable._invokeNative(Ljava/lang/Object;Ljava/lang/String;[Lorg/uqbar/project/wollok/interpreter/core/WollokObject;)Lorg/uqbar/project/wollok/interpreter/core/WollokObject; (49 bytes) @ 0x0000017a05190724 [0x0000017a05190480+0x2a4]
J 3606 C1 org.uqbar.project.wollok.interpreter.AbstractWollokCallable.invokeNative(Ljava/lang/Object;Ljava/lang/String;[Lorg/uqbar/project/wollok/interpreter/core/WollokObject;)Lorg/uqbar/project/wollok/interpreter/core/WollokObject; (76 bytes) @ 0x0000017a05196404 [0x0000017a051957a0+0xc64]
J 3656 C1 org.uqbar.project.wollok.interpreter.AbstractWollokCallable$1.apply()Lorg/uqbar/project/wollok/interpreter/core/WollokObject; (145 bytes) @ 0x0000017a051b4c3c [0x0000017a051b45c0+0x67c]
J 3655 C1 org.uqbar.project.wollok.interpreter.AbstractWollokCallable$1.apply()Ljava/lang/Object; (5 bytes) @ 0x0000017a051a918c [0x0000017a051a9100+0x8c]
J 3501 C1 org.uqbar.project.wollok.interpreter.threads.WThread.performOnStack(Lorg/eclipse/emf/ecore/EObject;Lorg/uqbar/project/wollok/interpreter/context/EvaluationContext;Lorg/eclipse/xtext/xbase/lib/Functions$Function0;)Lorg/uqbar/project/wollok/interpreter/core/WollokObject; (157 bytes) @ 0x0000017a05111d44 [0x0000017a05111a00+0x344]
J 3535 C1 org.uqbar.project.wollok.interpreter.AbstractWollokCallable.call(Lorg/uqbar/project/wollok/wollokDsl/WMethodDeclaration;[Lorg/uqbar/project/wollok/interpreter/core/WollokObject;)Lorg/uqbar/project/wollok/interpreter/core/WollokObject; (46 bytes) @ 0x0000017a051624bc [0x0000017a051617a0+0xd1c]
J 3654 C1 org.uqbar.project.wollok.interpreter.core.WollokObject.call(Ljava/lang/String;[Lorg/uqbar/project/wollok/interpreter/core/WollokObject;)Lorg/uqbar/project/wollok/interpreter/core/WollokObject; (61 bytes) @ 0x0000017a051b710c [0x0000017a051b6a40+0x6cc]
J 3736 C1 org.uqbar.project.wollok.interpreter.WollokInterpreterEvaluator._evaluate(Lorg/uqbar/project/wollok/wollokDsl/WFeatureCall;)Lorg/uqbar/project/wollok/interpreter/core/WollokObject; (125 bytes) @ 0x0000017a0520bb74 [0x0000017a0520a9c0+0x11b4]
J 3794 C1 org.uqbar.project.wollok.launch.WollokLauncherInterpreterEvaluator.evaluate(Lorg/eclipse/emf/ecore/EObject;)Lorg/uqbar/project/wollok/interpreter/core/WollokObject; (502 bytes) @ 0x0000017a05275dcc [0x0000017a05271be0+0x41ec]
J 3795 C1 org.uqbar.project.wollok.interpreter.WollokInterpreter.eval(Lorg/eclipse/emf/ecore/EObject;)Lorg/uqbar/project/wollok/interpreter/core/WollokObject; (190 bytes) @ 0x0000017a05264c2c [0x0000017a05264200+0xa2c]
J 3938 C1 org.uqbar.project.wollok.interpreter.WollokInterpreterEvaluator$1.apply(Ljava/lang/Object;Ljava/lang/Object;)Ljava/lang/Object; (13 bytes) @ 0x0000017a0530016c [0x0000017a052ffde0+0x38c]
J 3357 C1 org.eclipse.xtext.xbase.lib.IterableExtensions.fold(Ljava/lang/Iterable;Ljava/lang/Object;Lorg/eclipse/xtext/xbase/lib/Functions$Function2;)Ljava/lang/Object; (12 bytes) @ 0x0000017a0508a7bc [0x0000017a0508a720+0x9c]
j  org.uqbar.project.wollok.interpreter.WollokInterpreterEvaluator.evalAll(Ljava/lang/Iterable;)Lorg/uqbar/project/wollok/interpreter/core/WollokObject;+12
j  org.uqbar.project.wollok.interpreter.WollokInterpreterEvaluator._evaluate(Lorg/uqbar/project/wollok/wollokDsl/WBlockExpression;)Lorg/uqbar/project/wollok/interpreter/core/WollokObject;+34
J 3794 C1 org.uqbar.project.wollok.launch.WollokLauncherInterpreterEvaluator.evaluate(Lorg/eclipse/emf/ecore/EObject;)Lorg/uqbar/project/wollok/interpreter/core/WollokObject; (502 bytes) @ 0x0000017a052793a4 [0x0000017a05271be0+0x77c4]
J 3795 C1 org.uqbar.project.wollok.interpreter.WollokInterpreter.eval(Lorg/eclipse/emf/ecore/EObject;)Lorg/uqbar/project/wollok/interpreter/core/WollokObject; (190 bytes) @ 0x0000017a05264c2c [0x0000017a05264200+0xa2c]
J 3656 C1 org.uqbar.project.wollok.interpreter.AbstractWollokCallable$1.apply()Lorg/uqbar/project/wollok/interpreter/core/WollokObject; (145 bytes) @ 0x0000017a051b4f94 [0x0000017a051b45c0+0x9d4]
J 3655 C1 org.uqbar.project.wollok.interpreter.AbstractWollokCallable$1.apply()Ljava/lang/Object; (5 bytes) @ 0x0000017a051a918c [0x0000017a051a9100+0x8c]
J 3501 C1 org.uqbar.project.wollok.interpreter.threads.WThread.performOnStack(Lorg/eclipse/emf/ecore/EObject;Lorg/uqbar/project/wollok/interpreter/context/EvaluationContext;Lorg/eclipse/xtext/xbase/lib/Functions$Function0;)Lorg/uqbar/project/wollok/interpreter/core/WollokObject; (157 bytes) @ 0x0000017a05111d44 [0x0000017a05111a00+0x344]
J 3535 C1 org.uqbar.project.wollok.interpreter.AbstractWollokCallable.call(Lorg/uqbar/project/wollok/wollokDsl/WMethodDeclaration;[Lorg/uqbar/project/wollok/interpreter/core/WollokObject;)Lorg/uqbar/project/wollok/interpreter/core/WollokObject; (46 bytes) @ 0x0000017a051624bc [0x0000017a051617a0+0xd1c]
J 3654 C1 org.uqbar.project.wollok.interpreter.core.WollokObject.call(Ljava/lang/String;[Lorg/uqbar/project/wollok/interpreter/core/WollokObject;)Lorg/uqbar/project/wollok/interpreter/core/WollokObject; (61 bytes) @ 0x0000017a051b710c [0x0000017a051b6a40+0x6cc]
J 3736 C1 org.uqbar.project.wollok.interpreter.WollokInterpreterEvaluator._evaluate(Lorg/uqbar/project/wollok/wollokDsl/WFeatureCall;)Lorg/uqbar/project/wollok/interpreter/core/WollokObject; (125 bytes) @ 0x0000017a0520bb74 [0x0000017a0520a9c0+0x11b4]
J 3794 C1 org.uqbar.project.wollok.launch.WollokLauncherInterpreterEvaluator.evaluate(Lorg/eclipse/emf/ecore/EObject;)Lorg/uqbar/project/wollok/interpreter/core/WollokObject; (502 bytes) @ 0x0000017a05275dcc [0x0000017a05271be0+0x41ec]
J 3795 C1 org.uqbar.project.wollok.interpreter.WollokInterpreter.eval(Lorg/eclipse/emf/ecore/EObject;)Lorg/uqbar/project/wollok/interpreter/core/WollokObject; (190 bytes) @ 0x0000017a05264c2c [0x0000017a05264200+0xa2c]
J 3938 C1 org.uqbar.project.wollok.interpreter.WollokInterpreterEvaluator$1.apply(Ljava/lang/Object;Ljava/lang/Object;)Ljava/lang/Object; (13 bytes) @ 0x0000017a0530016c [0x0000017a052ffde0+0x38c]
j  org.eclipse.xtext.xbase.lib.IteratorExtensions.fold(Ljava/util/Iterator;Ljava/lang/Object;Lorg/eclipse/xtext/xbase/lib/Functions$Function2;)Ljava/lang/Object;+19
j  org.eclipse.xtext.xbase.lib.IterableExtensions.fold(Ljava/lang/Iterable;Ljava/lang/Object;Lorg/eclipse/xtext/xbase/lib/Functions$Function2;)Ljava/lang/Object;+8
j  org.uqbar.project.wollok.interpreter.WollokInterpreterEvaluator.evalAll(Ljava/lang/Iterable;)Lorg/uqbar/project/wollok/interpreter/core/WollokObject;+12
j  org.uqbar.project.wollok.interpreter.WollokInterpreterEvaluator._evaluate(Lorg/uqbar/project/wollok/wollokDsl/WProgram;)Lorg/uqbar/project/wollok/interpreter/core/WollokObject;+18
j  org.uqbar.project.wollok.launch.WollokLauncherInterpreterEvaluator.evaluate(Lorg/eclipse/emf/ecore/EObject;)Lorg/uqbar/project/wollok/interpreter/core/WollokObject;+444
j  org.uqbar.project.wollok.interpreter.WollokInterpreterEvaluator.evaluate(Lorg/eclipse/emf/ecore/EObject;)Ljava/lang/Object;+2
j  org.uqbar.project.wollok.interpreter.WollokInterpreter.eval(Lorg/eclipse/emf/ecore/EObject;)Lorg/uqbar/project/wollok/interpreter/core/WollokObject;+63
j  org.uqbar.project.wollok.interpreter.WollokInterpreterEvaluator.eval(Lorg/eclipse/emf/ecore/EObject;)Lorg/uqbar/project/wollok/interpreter/core/WollokObject;+5
j  org.uqbar.project.wollok.launch.WollokLauncherInterpreterEvaluator._evaluate(Lorg/uqbar/project/wollok/wollokDsl/WFile;)Lorg/uqbar/project/wollok/interpreter/core/WollokObject;+32
j  org.uqbar.project.wollok.launch.WollokLauncherInterpreterEvaluator.evaluate(Lorg/eclipse/emf/ecore/EObject;)Lorg/uqbar/project/wollok/interpreter/core/WollokObject;+428
j  org.uqbar.project.wollok.interpreter.WollokInterpreterEvaluator.evaluate(Lorg/eclipse/emf/ecore/EObject;)Ljava/lang/Object;+2
j  org.uqbar.project.wollok.interpreter.WollokInterpreter.interpret(Lorg/eclipse/emf/ecore/EObject;Ljava/lang/Boolean;)Lorg/uqbar/project/wollok/interpreter/core/WollokObject;+25
j  org.uqbar.project.wollok.interpreter.WollokInterpreter.interpret(Lorg/eclipse/emf/ecore/EObject;)Lorg/uqbar/project/wollok/interpreter/core/WollokObject;+8
j  org.uqbar.project.wollok.launch.WollokLauncher.doSomething(Lorg/uqbar/project/wollok/wollokDsl/WFile;Lcom/google/inject/Injector;Ljava/io/File;Lorg/uqbar/project/wollok/launch/WollokLauncherParameters;)V+109
j  org.uqbar.project.wollok.launch.WollokChecker.launch(Ljava/lang/String;Lorg/uqbar/project/wollok/launch/WollokLauncherParameters;)V+31
j  org.uqbar.project.wollok.launch.WollokChecker.doMain([Ljava/lang/String;)V+205
j  org.uqbar.project.wollok.launch.WollokLauncher.main([Ljava/lang/String;)V+8
v  ~StubRoutines::call_stub

---------------  P R O C E S S  ---------------

Java Threads: ( => current thread )
  0x0000017a286fc800 JavaThread "com.google.inject.internal.util.$Finalizer" daemon [_thread_blocked, id=2100, stack(0x00000020b8900000,0x00000020b8a00000)]
  0x0000017a285af800 JavaThread "EMF Reference Cleaner" daemon [_thread_blocked, id=5760, stack(0x00000020b8800000,0x00000020b8900000)]
  0x0000017a27b30000 JavaThread "Service Thread" daemon [_thread_blocked, id=18008, stack(0x00000020b8600000,0x00000020b8700000)]
  0x0000017a25c7f000 JavaThread "C1 CompilerThread3" daemon [_thread_blocked, id=8552, stack(0x00000020b8500000,0x00000020b8600000)]
  0x0000017a25c74000 JavaThread "C2 CompilerThread2" daemon [_thread_blocked, id=8768, stack(0x00000020b8400000,0x00000020b8500000)]
  0x0000017a25c73000 JavaThread "C2 CompilerThread1" daemon [_thread_blocked, id=4036, stack(0x00000020b8300000,0x00000020b8400000)]
  0x0000017a25c5c000 JavaThread "C2 CompilerThread0" daemon [_thread_blocked, id=12708, stack(0x00000020b8200000,0x00000020b8300000)]
  0x0000017a25c6f000 JavaThread "Attach Listener" daemon [_thread_blocked, id=8232, stack(0x00000020b8100000,0x00000020b8200000)]
  0x0000017a25c6e000 JavaThread "Signal Dispatcher" daemon [_thread_blocked, id=5956, stack(0x00000020b8000000,0x00000020b8100000)]
  0x0000017a25c41000 JavaThread "Finalizer" daemon [_thread_blocked, id=14952, stack(0x00000020b7f00000,0x00000020b8000000)]
  0x0000017a25c32000 JavaThread "Reference Handler" daemon [_thread_blocked, id=5164, stack(0x00000020b7e00000,0x00000020b7f00000)]
=>0x0000017a02bb3000 JavaThread "main" [_thread_in_native, id=15384, stack(0x00000020b7400000,0x00000020b7500000)]

Other Threads:
  0x0000017a25c08800 VMThread [stack: 0x00000020b7d00000,0x00000020b7e00000] [id=1784]
  0x0000017a25ccb000 WatcherThread [stack: 0x00000020b8700000,0x00000020b8800000] [id=17008]

VM state:not at safepoint (normal execution)

VM Mutex/Monitor currently owned by a thread: None

heap address: 0x00000005e0c00000, size: 7668 MB, Compressed Oops mode: Zero based, Oop shift amount: 3
Narrow klass base: 0x0000000000000000, Narrow klass shift: 3
Compressed class space size: 1073741824 Address: 0x00000007c0000000

Heap:
 PSYoungGen      total 143360K, used 74194K [0x0000000720400000, 0x0000000731c00000, 0x00000007c0000000)
  eden space 122880K, 60% used [0x0000000720400000,0x0000000724c74a38,0x0000000727c00000)
  from space 20480K, 0% used [0x0000000729000000,0x0000000729000000,0x000000072a400000)
  to   space 20480K, 0% used [0x0000000727c00000,0x0000000727c00000,0x0000000729000000)
 ParOldGen       total 219136K, used 18748K [0x00000005e0c00000, 0x00000005ee200000, 0x0000000720400000)
  object space 219136K, 8% used [0x00000005e0c00000,0x00000005e1e4f000,0x00000005ee200000)
 Metaspace       used 22402K, capacity 22808K, committed 22912K, reserved 1069056K
  class space    used 2782K, capacity 2888K, committed 2944K, reserved 1048576K

Card table byte_map: [0x0000017a13a30000,0x0000017a14930000] byte_map_base: 0x0000017a10b2a000

Marking Bits: (ParMarkBitMap*) 0x0000000070c7f810
 Begin Bits: [0x0000017a15330000, 0x0000017a1cb00000)
 End Bits:   [0x0000017a1cb00000, 0x0000017a242d0000)

Polling page: 0x0000017a02d90000

CodeCache: size=245760Kb used=13148Kb max_used=13148Kb free=232611Kb
 bounds [0x0000017a04670000, 0x0000017a05360000, 0x0000017a13670000]
 total_blobs=4483 nmethods=4030 adapters=365
 compilation: enabled

Compilation events (10 events):
Event: 3.491 Thread 0x0000017a25c7f000 4028       3       java.io.FileInputStream::read (9 bytes)
Event: 3.491 Thread 0x0000017a25c7f000 nmethod 4028 0x0000017a05350690 code [0x0000017a05350800, 0x0000017a05350990]
Event: 3.501 Thread 0x0000017a25c7f000 4029       3       java.nio.DirectByteBuffer::put (18 bytes)
Event: 3.501 Thread 0x0000017a25c7f000 nmethod 4029 0x0000017a05351210 code [0x0000017a05351380, 0x0000017a053515f8]
Event: 3.501 Thread 0x0000017a25c7f000 4030       3       java.nio.DirectByteBuffer::ix (10 bytes)
Event: 3.501 Thread 0x0000017a25c7f000 nmethod 4030 0x0000017a05351710 code [0x0000017a05351860, 0x0000017a053519b8]
Event: 3.502 Thread 0x0000017a25c7f000 4032       3       java.nio.DirectByteBuffer::put (18 bytes)
Event: 3.502 Thread 0x0000017a25c7f000 nmethod 4032 0x0000017a05351a50 code [0x0000017a05351bc0, 0x0000017a05351e38]
Event: 3.502 Thread 0x0000017a25c7f000 4033       1       java.nio.DirectByteBuffer::ix (10 bytes)
Event: 3.502 Thread 0x0000017a25c7f000 nmethod 4033 0x0000017a05351f50 code [0x0000017a053520a0, 0x0000017a053521b8]

GC Heap History (6 events):
Event: 1.592 GC heap before
{Heap before GC invocations=1 (full 0):
 PSYoungGen      total 143360K, used 122880K [0x0000000720400000, 0x000000072a400000, 0x00000007c0000000)
  eden space 122880K, 100% used [0x0000000720400000,0x0000000727c00000,0x0000000727c00000)
  from space 20480K, 0% used [0x0000000729000000,0x0000000729000000,0x000000072a400000)
  to   space 20480K, 0% used [0x0000000727c00000,0x0000000727c00000,0x0000000729000000)
 ParOldGen       total 327680K, used 0K [0x00000005e0c00000, 0x00000005f4c00000, 0x0000000720400000)
  object space 327680K, 0% used [0x00000005e0c00000,0x00000005e0c00000,0x00000005f4c00000)
 Metaspace       used 16198K, capacity 16374K, committed 16768K, reserved 1064960K
  class space    used 2027K, capacity 2099K, committed 2176K, reserved 1048576K
Event: 1.604 GC heap after
Heap after GC invocations=1 (full 0):
 PSYoungGen      total 143360K, used 20462K [0x0000000720400000, 0x000000072a400000, 0x00000007c0000000)
  eden space 122880K, 0% used [0x0000000720400000,0x0000000720400000,0x0000000727c00000)
  from space 20480K, 99% used [0x0000000727c00000,0x0000000728ffba70,0x0000000729000000)
  to   space 20480K, 0% used [0x0000000729000000,0x0000000729000000,0x000000072a400000)
 ParOldGen       total 327680K, used 1253K [0x00000005e0c00000, 0x00000005f4c00000, 0x0000000720400000)
  object space 327680K, 0% used [0x00000005e0c00000,0x00000005e0d39680,0x00000005f4c00000)
 Metaspace       used 16198K, capacity 16374K, committed 16768K, reserved 1064960K
  class space    used 2027K, capacity 2099K, committed 2176K, reserved 1048576K
}
Event: 2.555 GC heap before
{Heap before GC invocations=2 (full 0):
 PSYoungGen      total 143360K, used 70370K [0x0000000720400000, 0x000000072a400000, 0x00000007c0000000)
  eden space 122880K, 40% used [0x0000000720400000,0x00000007234bcdb8,0x0000000727c00000)
  from space 20480K, 99% used [0x0000000727c00000,0x0000000728ffba70,0x0000000729000000)
  to   space 20480K, 0% used [0x0000000729000000,0x0000000729000000,0x000000072a400000)
 ParOldGen       total 327680K, used 1253K [0x00000005e0c00000, 0x00000005f4c00000, 0x0000000720400000)
  object space 327680K, 0% used [0x00000005e0c00000,0x00000005e0d39680,0x00000005f4c00000)
 Metaspace       used 20804K, capacity 21118K, committed 21248K, reserved 1067008K
  class space    used 2642K, capacity 2745K, committed 2816K, reserved 1048576K
Event: 2.568 GC heap after
Heap after GC invocations=2 (full 0):
 PSYoungGen      total 143360K, used 19006K [0x0000000720400000, 0x0000000731c00000, 0x00000007c0000000)
  eden space 122880K, 0% used [0x0000000720400000,0x0000000720400000,0x0000000727c00000)
  from space 20480K, 92% used [0x0000000729000000,0x000000072a28fb50,0x000000072a400000)
  to   space 20480K, 0% used [0x0000000727c00000,0x0000000727c00000,0x0000000729000000)
 ParOldGen       total 327680K, used 1269K [0x00000005e0c00000, 0x00000005f4c00000, 0x0000000720400000)
  object space 327680K, 0% used [0x00000005e0c00000,0x00000005e0d3d680,0x00000005f4c00000)
 Metaspace       used 20804K, capacity 21118K, committed 21248K, reserved 1067008K
  class space    used 2642K, capacity 2745K, committed 2816K, reserved 1048576K
}
Event: 2.568 GC heap before
{Heap before GC invocations=3 (full 1):
 PSYoungGen      total 143360K, used 19006K [0x0000000720400000, 0x0000000731c00000, 0x00000007c0000000)
  eden space 122880K, 0% used [0x0000000720400000,0x0000000720400000,0x0000000727c00000)
  from space 20480K, 92% used [0x0000000729000000,0x000000072a28fb50,0x000000072a400000)
  to   space 20480K, 0% used [0x0000000727c00000,0x0000000727c00000,0x0000000729000000)
 ParOldGen       total 327680K, used 1269K [0x00000005e0c00000, 0x00000005f4c00000, 0x0000000720400000)
  object space 327680K, 0% used [0x00000005e0c00000,0x00000005e0d3d680,0x00000005f4c00000)
 Metaspace       used 20804K, capacity 21118K, committed 21248K, reserved 1067008K
  class space    used 2642K, capacity 2745K, committed 2816K, reserved 1048576K
Event: 2.611 GC heap after
Heap after GC invocations=3 (full 1):
 PSYoungGen      total 143360K, used 0K [0x0000000720400000, 0x0000000731c00000, 0x00000007c0000000)
  eden space 122880K, 0% used [0x0000000720400000,0x0000000720400000,0x0000000727c00000)
  from space 20480K, 0% used [0x0000000729000000,0x0000000729000000,0x000000072a400000)
  to   space 20480K, 0% used [0x0000000727c00000,0x0000000727c00000,0x0000000729000000)
 ParOldGen       total 219136K, used 18748K [0x00000005e0c00000, 0x00000005ee200000, 0x0000000720400000)
  object space 219136K, 8% used [0x00000005e0c00000,0x00000005e1e4f000,0x00000005ee200000)
 Metaspace       used 20804K, capacity 21118K, committed 21248K, reserved 1067008K
  class space    used 2642K, capacity 2745K, committed 2816K, reserved 1048576K
}

Deoptimization events (10 events):
Event: 3.075 Thread 0x0000017a02bb3000 Uncommon trap: reason=class_check action=maybe_recompile pc=0x0000017a051b3530 method=com.google.common.collect.Lists$TransformingRandomAccessList.<init>(Ljava/util/List;Lcom/google/common/base/Function;)V @ 9
Event: 3.075 Thread 0x0000017a02bb3000 Uncommon trap: reason=class_check action=maybe_recompile pc=0x0000017a051b3530 method=com.google.common.collect.Lists$TransformingRandomAccessList.<init>(Ljava/util/List;Lcom/google/common/base/Function;)V @ 9
Event: 3.083 Thread 0x0000017a02bb3000 Uncommon trap: reason=array_check action=maybe_recompile pc=0x0000017a051c4fac method=java.util.AbstractCollection.toArray([Ljava/lang/Object;)[Ljava/lang/Object; @ 119
Event: 3.084 Thread 0x0000017a02bb3000 Uncommon trap: reason=array_check action=maybe_recompile pc=0x0000017a051c4fac method=java.util.AbstractCollection.toArray([Ljava/lang/Object;)[Ljava/lang/Object; @ 119
Event: 3.085 Thread 0x0000017a02bb3000 Uncommon trap: reason=array_check action=maybe_recompile pc=0x0000017a051c4fac method=java.util.AbstractCollection.toArray([Ljava/lang/Object;)[Ljava/lang/Object; @ 119
Event: 3.085 Thread 0x0000017a02bb3000 Uncommon trap: reason=array_check action=maybe_recompile pc=0x0000017a051c4fac method=java.util.AbstractCollection.toArray([Ljava/lang/Object;)[Ljava/lang/Object; @ 119
Event: 3.379 Thread 0x0000017a02bb3000 Uncommon trap: reason=unstable_if action=reinterpret pc=0x0000017a049ca270 method=java.io.WinNTFileSystem.normalize(Ljava/lang/String;)Ljava/lang/String; @ 49
Event: 3.395 Thread 0x0000017a02bb3000 Uncommon trap: reason=predicate action=maybe_recompile pc=0x0000017a04adb32c method=java.lang.String.regionMatches(ZILjava/lang/String;II)Z @ 63
Event: 3.473 Thread 0x0000017a02bb3000 Uncommon trap: reason=unstable_if action=reinterpret pc=0x0000017a048cc69c method=java.lang.ThreadLocal$ThreadLocalMap.getEntry(Ljava/lang/ThreadLocal;)Ljava/lang/ThreadLocal$ThreadLocalMap$Entry; @ 29
Event: 3.473 Thread 0x0000017a02bb3000 Uncommon trap: reason=unstable_if action=reinterpret pc=0x0000017a048cb26c method=java.lang.ThreadLocal$ThreadLocalMap.getEntry(Ljava/lang/ThreadLocal;)Ljava/lang/ThreadLocal$ThreadLocalMap$Entry; @ 29

Classes redefined (0 events):
No events

Internal exceptions (10 events):
Event: 2.618 Thread 0x0000017a02bb3000 Exception <a 'java/lang/reflect/InvocationTargetException'> (0x0000000720455c48) thrown at [J:\jenkins\tmp\workspace\build\src\hotspot\src\share\vm\runtime\reflection.cpp, line 1092]
Event: 2.619 Thread 0x0000017a02bb3000 Exception <a 'java/lang/reflect/InvocationTargetException'> (0x00000007204723c0) thrown at [J:\jenkins\tmp\workspace\build\src\hotspot\src\share\vm\runtime\reflection.cpp, line 1092]
Event: 2.620 Thread 0x0000017a02bb3000 Exception <a 'java/lang/reflect/InvocationTargetException'> (0x000000072048eb08) thrown at [J:\jenkins\tmp\workspace\build\src\hotspot\src\share\vm\runtime\reflection.cpp, line 1092]
Event: 2.621 Thread 0x0000017a02bb3000 Exception <a 'java/lang/reflect/InvocationTargetException'> (0x00000007204ab348) thrown at [J:\jenkins\tmp\workspace\build\src\hotspot\src\share\vm\runtime\reflection.cpp, line 1092]
Event: 3.509 Thread 0x0000017a02bb3000 Exception <a 'java/security/PrivilegedActionException'> (0x000000072499c798) thrown at [J:\jenkins\tmp\workspace\build\src\hotspot\src\share\vm\prims\jvm.cpp, line 1514]
Event: 3.509 Thread 0x0000017a02bb3000 Exception <a 'java/security/PrivilegedActionException'> (0x000000072499dcc8) thrown at [J:\jenkins\tmp\workspace\build\src\hotspot\src\share\vm\prims\jvm.cpp, line 1514]
Event: 3.509 Thread 0x0000017a02bb3000 Exception <a 'java/security/PrivilegedActionException'> (0x000000072499f0f8) thrown at [J:\jenkins\tmp\workspace\build\src\hotspot\src\share\vm\prims\jvm.cpp, line 1514]
Event: 3.509 Thread 0x0000017a02bb3000 Exception <a 'java/security/PrivilegedActionException'> (0x00000007249a07b8) thrown at [J:\jenkins\tmp\workspace\build\src\hotspot\src\share\vm\prims\jvm.cpp, line 1514]
Event: 3.509 Thread 0x0000017a02bb3000 Exception <a 'java/security/PrivilegedActionException'> (0x00000007249a1bb0) thrown at [J:\jenkins\tmp\workspace\build\src\hotspot\src\share\vm\prims\jvm.cpp, line 1514]
Event: 3.509 Thread 0x0000017a02bb3000 Exception <a 'java/security/PrivilegedActionException'> (0x00000007249a2f78) thrown at [J:\jenkins\tmp\workspace\build\src\hotspot\src\share\vm\prims\jvm.cpp, line 1514]

Events (10 events):
Event: 3.532 loading class org/lwjgl/openal/ALCdevice
Event: 3.532 loading class org/lwjgl/openal/ALCdevice done
Event: 3.532 loading class org/lwjgl/openal/ALCcontext
Event: 3.532 loading class org/lwjgl/openal/ALCcontext done
Event: 3.533 loading class java/nio/DirectIntBufferU
Event: 3.533 loading class java/nio/DirectIntBufferU done
Event: 3.533 loading class org/lwjgl/openal/Util
Event: 3.533 loading class org/lwjgl/openal/Util done
Event: 3.534 loading class org/lwjgl/openal/OpenALException
Event: 3.534 loading class org/lwjgl/openal/OpenALException done


Dynamic libraries:
0x00007ff72fde0000 - 0x00007ff72fe26000 	C:\Program Files\Eclipse Adoptium\jdk-8.0.382.5-hotspot\bin\javaw.exe
0x00007ffcc1bb0000 - 0x00007ffcc1da7000 	C:\WINDOWS\SYSTEM32\ntdll.dll
0x00007ffcc12b0000 - 0x00007ffcc136d000 	C:\WINDOWS\System32\KERNEL32.DLL
0x00007ffcbf6d0000 - 0x00007ffcbf9c6000 	C:\WINDOWS\System32\KERNELBASE.dll
0x00007ffcbb960000 - 0x00007ffcbb9f0000 	C:\WINDOWS\SYSTEM32\apphelp.dll
0x00007ffcbff60000 - 0x00007ffcc000e000 	C:\WINDOWS\System32\ADVAPI32.dll
0x00007ffcc0d30000 - 0x00007ffcc0dce000 	C:\WINDOWS\System32\msvcrt.dll
0x00007ffcc1480000 - 0x00007ffcc151c000 	C:\WINDOWS\System32\sechost.dll
0x00007ffcbfcd0000 - 0x00007ffcbfdf6000 	C:\WINDOWS\System32\RPCRT4.dll
0x00007ffcc1600000 - 0x00007ffcc179e000 	C:\WINDOWS\System32\USER32.dll
0x00007ffcbf6a0000 - 0x00007ffcbf6c2000 	C:\WINDOWS\System32\win32u.dll
0x00007ffcbfe00000 - 0x00007ffcbfe2c000 	C:\WINDOWS\System32\GDI32.dll
0x00007ffcbf9d0000 - 0x00007ffcbfaea000 	C:\WINDOWS\System32\gdi32full.dll
0x00007ffcbfb40000 - 0x00007ffcbfbdd000 	C:\WINDOWS\System32\msvcp_win.dll
0x00007ffcbf5a0000 - 0x00007ffcbf6a0000 	C:\WINDOWS\System32\ucrtbase.dll
0x00007ffca9220000 - 0x00007ffca94ba000 	C:\WINDOWS\WinSxS\amd64_microsoft.windows.common-controls_6595b64144ccf1df_6.0.19041.3570_none_60bb2a3971f3e41a\COMCTL32.dll
0x00007ffcc1450000 - 0x00007ffcc1480000 	C:\WINDOWS\System32\IMM32.DLL
0x00007ffcb4d10000 - 0x00007ffcb4d25000 	C:\Program Files\Eclipse Adoptium\jdk-8.0.382.5-hotspot\jre\bin\vcruntime140.dll
0x00007ffc967d0000 - 0x00007ffc9686b000 	C:\Program Files\Eclipse Adoptium\jdk-8.0.382.5-hotspot\jre\bin\msvcp140.dll
0x00000000704a0000 - 0x0000000070cf8000 	C:\Program Files\Eclipse Adoptium\jdk-8.0.382.5-hotspot\jre\bin\server\jvm.dll
0x00007ffcc0520000 - 0x00007ffcc0528000 	C:\WINDOWS\System32\PSAPI.DLL
0x00007ffcb3a80000 - 0x00007ffcb3aa7000 	C:\WINDOWS\SYSTEM32\WINMM.dll
0x00007ffcb3a70000 - 0x00007ffcb3a7a000 	C:\WINDOWS\SYSTEM32\VERSION.dll
0x00007ffcb9e60000 - 0x00007ffcb9e69000 	C:\WINDOWS\SYSTEM32\WSOCK32.dll
0x00007ffcc1b00000 - 0x00007ffcc1b6b000 	C:\WINDOWS\System32\WS2_32.dll
0x00007ffcbd150000 - 0x00007ffcbd162000 	C:\WINDOWS\SYSTEM32\kernel.appcore.dll
0x00007ffcbbd70000 - 0x00007ffcbbd80000 	C:\Program Files\Eclipse Adoptium\jdk-8.0.382.5-hotspot\jre\bin\verify.dll
0x00007ffcb9a50000 - 0x00007ffcb9a7b000 	C:\Program Files\Eclipse Adoptium\jdk-8.0.382.5-hotspot\jre\bin\java.dll
0x00007ffcb9a30000 - 0x00007ffcb9a48000 	C:\Program Files\Eclipse Adoptium\jdk-8.0.382.5-hotspot\jre\bin\zip.dll
0x00007ffcc05e0000 - 0x00007ffcc0d24000 	C:\WINDOWS\System32\SHELL32.dll
0x00007ffcbd350000 - 0x00007ffcbdaeb000 	C:\WINDOWS\SYSTEM32\windows.storage.dll
0x00007ffcc0010000 - 0x00007ffcc0364000 	C:\WINDOWS\System32\combase.dll
0x00007ffcbec60000 - 0x00007ffcbec8d000 	C:\WINDOWS\SYSTEM32\Wldp.dll
0x00007ffcc0530000 - 0x00007ffcc05dd000 	C:\WINDOWS\System32\SHCORE.dll
0x00007ffcbfe30000 - 0x00007ffcbfe85000 	C:\WINDOWS\System32\shlwapi.dll
0x00007ffcbf1c0000 - 0x00007ffcbf1e5000 	C:\WINDOWS\SYSTEM32\profapi.dll
0x0000000065580000 - 0x0000000065616000 	C:\Users\Pedro\AppData\Local\Temp\libgdxPedro\12dfaa03\gdx64.dll
0x00007ffcbebb0000 - 0x00007ffcbebc8000 	C:\WINDOWS\SYSTEM32\CRYPTSP.dll
0x00007ffcbe270000 - 0x00007ffcbe2a4000 	C:\WINDOWS\system32\rsaenh.dll
0x00007ffcbfbe0000 - 0x00007ffcbfc07000 	C:\WINDOWS\System32\bcrypt.dll
0x00007ffcbf140000 - 0x00007ffcbf16e000 	C:\WINDOWS\SYSTEM32\USERENV.dll
0x00007ffcbf3f0000 - 0x00007ffcbf472000 	C:\WINDOWS\System32\bcryptprimitives.dll
0x00007ffcbebd0000 - 0x00007ffcbebdc000 	C:\WINDOWS\SYSTEM32\CRYPTBASE.dll
0x00007ffcb9a10000 - 0x00007ffcb9a2c000 	C:\Program Files\Eclipse Adoptium\jdk-8.0.382.5-hotspot\jre\bin\net.dll
0x00007ffcbe960000 - 0x00007ffcbe9ca000 	C:\WINDOWS\system32\mswsock.dll
0x00007ffcbe650000 - 0x00007ffcbe68b000 	C:\WINDOWS\SYSTEM32\IPHLPAPI.DLL
0x00007ffcbfcc0000 - 0x00007ffcbfcc8000 	C:\WINDOWS\System32\NSI.dll
0x00007ffcb9cf0000 - 0x00007ffcb9d07000 	C:\WINDOWS\SYSTEM32\dhcpcsvc6.DLL
0x00007ffcb9cd0000 - 0x00007ffcb9ced000 	C:\WINDOWS\SYSTEM32\dhcpcsvc.DLL
0x00007ffcbe690000 - 0x00007ffcbe75a000 	C:\WINDOWS\SYSTEM32\DNSAPI.dll
0x00007ffcb67c0000 - 0x00007ffcb67d3000 	C:\Program Files\Eclipse Adoptium\jdk-8.0.382.5-hotspot\jre\bin\nio.dll
0x0000000180000000 - 0x0000000180053000 	C:\Users\Pedro\AppData\Local\Temp\libgdxPedro\dc0f0009\lwjgl64.dll
0x00007ffc74660000 - 0x00007ffc74785000 	C:\WINDOWS\SYSTEM32\OPENGL32.dll
0x00007ffc6c2e0000 - 0x00007ffc6c30c000 	C:\WINDOWS\SYSTEM32\GLU32.dll
0x0000017a2c710000 - 0x0000017a2c774000 	C:\Users\Pedro\AppData\Local\Temp\libgdxPedro\dc0f0009\OpenAL64.dll
0x00007ffcc1950000 - 0x00007ffcc1a7b000 	C:\WINDOWS\System32\ole32.dll
0x00007ffcbcc80000 - 0x00007ffcbcd1e000 	C:\WINDOWS\system32\uxtheme.dll
0x00007ffcbfc10000 - 0x00007ffcbfcb9000 	C:\WINDOWS\System32\clbcatq.dll
0x00007ffc96730000 - 0x00007ffc967cc000 	C:\WINDOWS\SYSTEM32\dsound.dll
0x00007ffcbee10000 - 0x00007ffcbee5b000 	C:\WINDOWS\SYSTEM32\powrprof.dll
0x00007ffcae690000 - 0x00007ffcae6b6000 	C:\WINDOWS\SYSTEM32\winmmbase.dll
0x00007ffcbed00000 - 0x00007ffcbed12000 	C:\WINDOWS\SYSTEM32\UMPDC.dll
0x00007ffcb6df0000 - 0x00007ffcb6e75000 	C:\WINDOWS\System32\MMDevApi.dll
0x00007ffcbf020000 - 0x00007ffcbf053000 	C:\WINDOWS\System32\DEVOBJ.dll
0x00007ffcbfaf0000 - 0x00007ffcbfb3e000 	C:\WINDOWS\System32\cfgmgr32.dll
0x00007ffcaa5a0000 - 0x00007ffcaa722000 	C:\WINDOWS\SYSTEM32\AUDIOSES.DLL
0x00007ffcbfe90000 - 0x00007ffcbff5d000 	C:\WINDOWS\System32\OLEAUT32.dll
0x00007ffcb7640000 - 0x00007ffcb7824000 	C:\WINDOWS\SYSTEM32\dbghelp.dll

VM Arguments:
jvm_args: -Duser.language=es_AR -Dfile.encoding=UTF-8 
java_command: org.uqbar.project.wollok.launch.WollokLauncher -requestsPort 0 -eventsPort 0 -folder -dontValidate -wf src/game.wpgm
java_class_path (initial): C:\Users\Pedro\git\pokeW\bin;C:\Program Files\Eclipse Adoptium\jdk-8.0.382.5-hotspot\plugins\com.ibm.icu_64.2.0.v20190507-1337.jar;C:\Program Files\Eclipse Adoptium\jdk-8.0.382.5-hotspot\plugins\org.eclipse.xtext_2.20.0.v20191202-0915.jar;C:\Program Files\Eclipse Adoptium\jdk-8.0.382.5-hotspot\plugins\org.eclipse.emf.ecore.xmi_2.16.0.v20190528-0725.jar;C:\Program Files\Eclipse Adoptium\jdk-8.0.382.5-hotspot\plugins\org.eclipse.emf.ecore_2.20.0.v20190920-0401.jar;C:\Program Files\Eclipse Adoptium\jdk-8.0.382.5-hotspot\plugins\org.eclipse.emf.common_2.17.0.v20190920-0401.jar;C:\Program Files\Eclipse Adoptium\jdk-8.0.382.5-hotspot\plugins\org.antlr.runtime_3.2.0.v201101311130.jar;C:\Program Files\Eclipse Adoptium\jdk-8.0.382.5-hotspot\plugins\com.google.inject_3.0.0.v201605172100.jar;C:\Program Files\Eclipse Adoptium\jdk-8.0.382.5-hotspot\plugins\org.eclipse.emf.mwe.core_1.5.1.v20191121-1148.jar;C:\Program Files\Eclipse Adoptium\jdk-8.0.382.5-hotspot\plugins\org.apache.commons.cli_1.2.0.v201404270220.jar;C:\Program Files\Eclipse Adoptium\jdk-8.0.382.5-hotspot\plugins\org.eclipse.emf.mwe2.runtime_2.11.1.v20191121-1148.jar;C:\Program Files\Eclipse Adoptium\jdk-8.0.382.5-hotspot\plugins\org.eclipse.emf.mwe.utils_1.5.1.v20191121-1148.jar;C:\Program Files\Eclipse Adoptium\jdk-8.0.382.5-hotspot\plugins\org.eclipse.xtext.util_2.20.0.v20191202-0915.jar;C:\Program Files\Eclipse Adoptium\jdk-8.0.382.5-hotspot\plugins\com.google.guava_27.1.0.v20190517-1946.jar;C:\Program Files\Eclipse Adoptium\jdk-8.0.382.5-hotspot\plugins\javax.inject_1.0.0.v20091030.jar;C:\Program Files\Eclipse Adoptium\jdk-8.0.382.5-hotspot\plugins\org.eclipse.xtext.generator_2.20.0.v20191202-0933.jar;C:\Program Files\Eclipse Adoptium\jdk-8.0.382.5-hotspot\plugins\org.eclipse.xtext.xtext.generator_2.20.0.v20191202-0915.jar;C:\Program Files\Eclipse Adoptium\jdk-8.0.382.5-hotspot\plugins\org.eclipse.xtext.xbase.lib_2.20.0.v20191202-0907.jar;C:\Program Files\Eclipse Adoptium\jdk-8.0.3
Launcher Type: SUN_STANDARD

Environment Variables:
PATH=C:/Program Files/Eclipse Adoptium/jdk-8.0.382.5-hotspot/jre/bin/server;C:/Program Files/Eclipse Adoptium/jdk-8.0.382.5-hotspot/jre/bin;C:/Program Files/Eclipse Adoptium/jdk-8.0.382.5-hotspot/jre/lib/amd64;C:\Users\Pedro\AppData\Local\Programs\Python\Python39\Scripts\;C:\Users\Pedro\AppData\Local\Programs\Python\Python39\;C:\Program Files (x86)\Common Files\Oracle\Java\javapath;C:\Program Files\Eclipse Adoptium\jdk-8.0.382.5-hotspot\bin;C:\Python311\Scripts\;C:\Python311\;C:\Python39\Scripts\;C:\Python39\;C:\Program Files (x86)\NVIDIA Corporation\PhysX\Common;C:\WINDOWS\system32;C:\WINDOWS;C:\WINDOWS\System32\Wbem;C:\WINDOWS\System32\WindowsPowerShell\v1.0\;C:\WINDOWS\System32\OpenSSH\;C:\ProgramData\chocolatey\bin;C:\Program Files\MySQL\MySQL Server 5.7\bin;C:\Program Files\nodejs\;C:\php;C:\ProgramData\ComposerSetup\bin;C:\Program Files\MySQL\MySQL Shell 8.0\bin\;C:\Users\Pedro\AppData\Local\Microsoft\WindowsApps;C:\Users\Pedro\AppData\Local\Programs\Microsoft VS Code\bin;C:\Users\Pedro\AppData\Roaming\npm;C:\Users\Pedro\AppData\Roaming\Composer\vendor\bin;C:\Users\Pedro\anaconda3\Scripts;C:\Users\Pedro\anaconda3\Library\bin\conda.bat;C:\Users\Pedro\anaconda3\Scripts\conda.exe;C:\Program Files\Eclipse Adoptium\jdk-8.0.382.5-hotspot;
USERNAME=Pedro
OS=Windows_NT
PROCESSOR_IDENTIFIER=AMD64 Family 23 Model 24 Stepping 1, AuthenticAMD



---------------  S Y S T E M  ---------------

OS: Windows 10 , 64 bit Build 19041 (10.0.19041.3570)

CPU:total 8 (initial active 8) (8 cores per cpu, 1 threads per core) family 23 model 24 stepping 1, cmov, cx8, fxsr, mmx, sse, sse2, sse3, ssse3, sse4.1, sse4.2, popcnt, avx, avx2, aes, clmul, mmxext, 3dnowpref, lzcnt, sse4a, tsc, tscinvbit, tscinv, bmi1

Memory: 4k page, physical 31404328k(19509156k free), swap 36122920k(19763124k free)

vm_info: OpenJDK 64-Bit Server VM (25.382-b05) for windows-amd64 JRE (1.8.0_382-b05), built on Jul 19 2023 15:37:29 by "jenkins" with MS VC++ 15.9 (VS2017)

time: Tue Oct 24 23:17:14 2023
timezone: Hora estándar de Argentina
elapsed time: 3.551579 seconds (0d 0h 0m 3s)

