#
# A fatal error has been detected by the Java Runtime Environment:
#
#  EXCEPTION_ACCESS_VIOLATION (0xc0000005) at pc=0x000002af35991066, pid=18712, tid=0x00000000000036c0
#
# JRE version: OpenJDK Runtime Environment (8.0_382-b05) (build 1.8.0_382-b05)
# Java VM: OpenJDK 64-Bit Server VM (25.382-b05 mixed mode windows-amd64 compressed oops)
# Problematic frame:
# C  [OpenAL64.dll+0x11066]
#
# Failed to write core dump. Minidumps are not enabled by default on client versions of Windows
#
# If you would like to submit a bug report, please visit:
#   https://github.com/adoptium/adoptium-support/issues
# The crash happened outside the Java Virtual Machine in native code.
# See problematic frame for where to report the bug.
#

---------------  T H R E A D  ---------------

Current thread (0x000002af0bf21000):  JavaThread "main" [_thread_in_native, id=14016, stack(0x000000c207c00000,0x000000c207d00000)]

siginfo: ExceptionCode=0xc0000005, reading address 0x000002af33664004

Registers:
RAX=0x0000000000000001, RBX=0x000002af35bb0090, RCX=0x000002af33664008, RDX=0x000002af33664004
RSP=0x000000c207cfc180, RBP=0x00000000000000ff, RSI=0x000002af3365bf4c, RDI=0x0000000000000000
R8 =0x000000000000202e, R9 =0x000002af3365bf4c, R10=0x000002af0d829622, R11=0x00000000706a8ee0
R12=0x0000000000000001, R13=0x000002af35554ae0, R14=0x000000c207cfc320, R15=0x000002af0bf21000
RIP=0x000002af35991066, EFLAGS=0x0000000000010202

Top of Stack: (sp=0x000000c207cfc180)
0x000000c207cfc180:   0000000000000000 000002af0bf21000
0x000000c207cfc190:   000000c207cfc320 000002af35554ae0
0x000000c207cfc1a0:   000002af35554ae0 0000000000000000
0x000000c207cfc1b0:   000002af0bf21000 0000000000000000
0x000000c207cfc1c0:   000000c207cfc2e8 000000007053f1eb
0x000000c207cfc1d0:   000000c207cfc200 000002af0d86a2d3
0x000000c207cfc1e0:   000002af0beed1d0 000002af0bf23ab0
0x000000c207cfc1f0:   000002af0bf21000 000000c207cfc320
0x000000c207cfc200:   000002af35554ae0 0000000000000000
0x000000c207cfc210:   000002af3365bf4c 0000000000000248
0x000000c207cfc220:   000000c207cfc2e8 000002af3599248f
0x000000c207cfc230:   000002af35bb0090 000002af35bb0090
0x000000c207cfc240:   000002af0000ac44 000002af00000001
0x000000c207cfc250:   000002af0d817bd0 000002af0d82964e
0x000000c207cfc260:   000002af35554ae0 0000000000000248
0x000000c207cfc270:   000002af0d817bd0 000002af0d82935b 

Instructions: (pc=0x000002af35991066)
0x000002af35991046:   41 2b ec 81 3a 03 00 02 00 75 09 8b 01 89 84 24
0x000002af35991056:   c8 00 00 00 49 83 c0 02 48 83 c1 08 4a 8d 14 86
0x000002af35991066:   39 3a 75 af 4c 8d 84 24 c0 00 00 00 48 8d 15 d7
0x000002af35991076:   2b 03 00 33 c9 e8 58 5f 00 00 b8 40 1f 00 00 4c 


Register to memory mapping:

RAX=0x0000000000000001 is an unknown value
RBX=0x000002af35bb0090 is an unknown value
RCX=0x000002af33664008 is an unknown value
RDX=0x000002af33664004 is an unknown value
RSP=0x000000c207cfc180 is pointing into the stack for thread: 0x000002af0bf21000
RBP=0x00000000000000ff is an unknown value
RSI=0x000002af3365bf4c is an unknown value
RDI=0x0000000000000000 is an unknown value
R8 =0x000000000000202e is an unknown value
R9 =0x000002af3365bf4c is an unknown value
R10=0x000002af0d829622 is at code_begin+962 in an Interpreter codelet
method entry point (kind = native)  [0x000002af0d829260, 0x000002af0d829d00]  2720 bytes
R11=0x00000000706a8ee0 is an unknown value
R12=0x0000000000000001 is an unknown value
R13={method} {0x000002af35554ae8} 'nalcCreateContext' '(JJ)J' in 'org/lwjgl/openal/ALC10'
R14=0x000000c207cfc320 is pointing into the stack for thread: 0x000002af0bf21000
R15=0x000002af0bf21000 is a thread


Stack: [0x000000c207c00000,0x000000c207d00000],  sp=0x000000c207cfc180,  free space=1008k
Native frames: (J=compiled Java code, j=interpreted, Vv=VM code, C=native code)
C  [OpenAL64.dll+0x11066]
C  [OpenAL64.dll+0x1248f]
C  0x000002af0d82964e

Java frames: (J=compiled Java code, j=interpreted, Vv=VM code)
j  org.lwjgl.openal.ALC10.nalcCreateContext(JJ)J+0
j  org.lwjgl.openal.ALC10.alcCreateContext(Lorg/lwjgl/openal/ALCdevice;Ljava/nio/IntBuffer;)Lorg/lwjgl/openal/ALCcontext;+8
j  org.lwjgl.openal.AL.init(Ljava/lang/String;IIZZ)V+69
j  org.lwjgl.openal.AL.create(Ljava/lang/String;IIZZ)V+246
j  org.lwjgl.openal.AL.create(Ljava/lang/String;IIZ)V+5
j  org.lwjgl.openal.AL.create()V+6
j  com.badlogic.gdx.backends.lwjgl.audio.OpenALAudio.<init>(III)V+114
j  com.badlogic.gdx.backends.lwjgl.LwjglApplication.<init>(Lcom/badlogic/gdx/ApplicationListener;Lcom/badlogic/gdx/backends/lwjgl/LwjglApplicationConfiguration;Lcom/badlogic/gdx/backends/lwjgl/LwjglGraphics;)V+120
j  com.badlogic.gdx.backends.lwjgl.LwjglApplication.<init>(Lcom/badlogic/gdx/ApplicationListener;Lcom/badlogic/gdx/backends/lwjgl/LwjglApplicationConfiguration;)V+11
j  org.uqbar.project.wollok.game.gameboard.WollokGDXApplication.<init>(Lorg/uqbar/project/wollok/game/gameboard/Gameboard;Ljava/lang/Boolean;)V+17
j  org.uqbar.project.wollok.game.helpers.Application.start(Lorg/uqbar/project/wollok/game/gameboard/Gameboard;Ljava/lang/Boolean;)V+5
j  org.uqbar.project.wollok.game.gameboard.Gameboard.start(Ljava/lang/Boolean;)V+13
j  wollok.game.GameObject.doStart(Ljava/lang/Boolean;)V+12
v  ~StubRoutines::call_stub
J 3256  sun.reflect.NativeMethodAccessorImpl.invoke0(Ljava/lang/reflect/Method;Ljava/lang/Object;[Ljava/lang/Object;)Ljava/lang/Object; (0 bytes) @ 0x000002af0e202b7f [0x000002af0e202b00+0x7f]
J 3255 C1 sun.reflect.NativeMethodAccessorImpl.invoke(Ljava/lang/Object;[Ljava/lang/Object;)Ljava/lang/Object; (104 bytes) @ 0x000002af0e203d14 [0x000002af0e203920+0x3f4]
J 2776 C1 sun.reflect.DelegatingMethodAccessorImpl.invoke(Ljava/lang/Object;[Ljava/lang/Object;)Ljava/lang/Object; (10 bytes) @ 0x000002af0e11038c [0x000002af0e110280+0x10c]
J 2775 C1 java.lang.reflect.Method.invoke(Ljava/lang/Object;[Ljava/lang/Object;)Ljava/lang/Object; (62 bytes) @ 0x000002af0e10fdb4 [0x000002af0e10f9c0+0x3f4]
J 3762 C1 org.uqbar.project.wollok.ui.utils.XTendUtilExtensions.invokeConvertingArgs(Ljava/lang/reflect/Method;Ljava/lang/Object;[Ljava/lang/Object;)Lorg/uqbar/project/wollok/interpreter/core/WollokObject; (368 bytes) @ 0x000002af0e3e69d4 [0x000002af0e3e4dc0+0x1c14]
J 3893 C1 org.uqbar.project.wollok.interpreter.AbstractWollokCallable._invokeNative(Ljava/lang/Object;Ljava/lang/String;[Lorg/uqbar/project/wollok/interpreter/core/WollokObject;)Lorg/uqbar/project/wollok/interpreter/core/WollokObject; (49 bytes) @ 0x000002af0e46e524 [0x000002af0e46e280+0x2a4]
J 3642 C1 org.uqbar.project.wollok.interpreter.AbstractWollokCallable.invokeNative(Ljava/lang/Object;Ljava/lang/String;[Lorg/uqbar/project/wollok/interpreter/core/WollokObject;)Lorg/uqbar/project/wollok/interpreter/core/WollokObject; (76 bytes) @ 0x000002af0e35c644 [0x000002af0e35b9e0+0xc64]
J 3742 C1 org.uqbar.project.wollok.interpreter.AbstractWollokCallable$1.apply()Lorg/uqbar/project/wollok/interpreter/core/WollokObject; (145 bytes) @ 0x000002af0e3ca9ac [0x000002af0e3ca340+0x66c]
J 3741 C1 org.uqbar.project.wollok.interpreter.AbstractWollokCallable$1.apply()Ljava/lang/Object; (5 bytes) @ 0x000002af0e3bf60c [0x000002af0e3bf580+0x8c]
J 3667 C1 org.uqbar.project.wollok.interpreter.threads.WThread.performOnStack(Lorg/eclipse/emf/ecore/EObject;Lorg/uqbar/project/wollok/interpreter/context/EvaluationContext;Lorg/eclipse/xtext/xbase/lib/Functions$Function0;)Lorg/uqbar/project/wollok/interpreter/core/WollokObject; (157 bytes) @ 0x000002af0e36d264 [0x000002af0e36cf40+0x324]
J 3568 C1 org.uqbar.project.wollok.interpreter.AbstractWollokCallable.call(Lorg/uqbar/project/wollok/wollokDsl/WMethodDeclaration;[Lorg/uqbar/project/wollok/interpreter/core/WollokObject;)Lorg/uqbar/project/wollok/interpreter/core/WollokObject; (46 bytes) @ 0x000002af0e325c94 [0x000002af0e324f60+0xd34]
J 3566 C1 org.uqbar.project.wollok.interpreter.core.WollokObject.call(Ljava/lang/String;[Lorg/uqbar/project/wollok/interpreter/core/WollokObject;)Lorg/uqbar/project/wollok/interpreter/core/WollokObject; (61 bytes) @ 0x000002af0e32074c [0x000002af0e320080+0x6cc]
J 3752 C1 org.uqbar.project.wollok.interpreter.WollokInterpreterEvaluator._evaluate(Lorg/uqbar/project/wollok/wollokDsl/WFeatureCall;)Lorg/uqbar/project/wollok/interpreter/core/WollokObject; (125 bytes) @ 0x000002af0e3d5ab4 [0x000002af0e3d4900+0x11b4]
J 3828 C1 org.uqbar.project.wollok.launch.WollokLauncherInterpreterEvaluator.evaluate(Lorg/eclipse/emf/ecore/EObject;)Lorg/uqbar/project/wollok/interpreter/core/WollokObject; (502 bytes) @ 0x000002af0e43dccc [0x000002af0e439ae0+0x41ec]
J 3829 C1 org.uqbar.project.wollok.interpreter.WollokInterpreter.eval(Lorg/eclipse/emf/ecore/EObject;)Lorg/uqbar/project/wollok/interpreter/core/WollokObject; (190 bytes) @ 0x000002af0e433fac [0x000002af0e433580+0xa2c]
J 3797 C1 org.uqbar.project.wollok.interpreter.WollokInterpreterEvaluator$1.apply(Ljava/lang/Object;Ljava/lang/Object;)Ljava/lang/Object; (13 bytes) @ 0x000002af0e4015ac [0x000002af0e401220+0x38c]
J 3382 C1 org.eclipse.xtext.xbase.lib.IterableExtensions.fold(Ljava/lang/Iterable;Ljava/lang/Object;Lorg/eclipse/xtext/xbase/lib/Functions$Function2;)Ljava/lang/Object; (12 bytes) @ 0x000002af0e24a5bc [0x000002af0e24a520+0x9c]
j  org.uqbar.project.wollok.interpreter.WollokInterpreterEvaluator.evalAll(Ljava/lang/Iterable;)Lorg/uqbar/project/wollok/interpreter/core/WollokObject;+12
j  org.uqbar.project.wollok.interpreter.WollokInterpreterEvaluator._evaluate(Lorg/uqbar/project/wollok/wollokDsl/WBlockExpression;)Lorg/uqbar/project/wollok/interpreter/core/WollokObject;+34
J 3828 C1 org.uqbar.project.wollok.launch.WollokLauncherInterpreterEvaluator.evaluate(Lorg/eclipse/emf/ecore/EObject;)Lorg/uqbar/project/wollok/interpreter/core/WollokObject; (502 bytes) @ 0x000002af0e4412cc [0x000002af0e439ae0+0x77ec]
J 3829 C1 org.uqbar.project.wollok.interpreter.WollokInterpreter.eval(Lorg/eclipse/emf/ecore/EObject;)Lorg/uqbar/project/wollok/interpreter/core/WollokObject; (190 bytes) @ 0x000002af0e433fac [0x000002af0e433580+0xa2c]
J 3742 C1 org.uqbar.project.wollok.interpreter.AbstractWollokCallable$1.apply()Lorg/uqbar/project/wollok/interpreter/core/WollokObject; (145 bytes) @ 0x000002af0e3cacf4 [0x000002af0e3ca340+0x9b4]
J 3741 C1 org.uqbar.project.wollok.interpreter.AbstractWollokCallable$1.apply()Ljava/lang/Object; (5 bytes) @ 0x000002af0e3bf60c [0x000002af0e3bf580+0x8c]
J 3667 C1 org.uqbar.project.wollok.interpreter.threads.WThread.performOnStack(Lorg/eclipse/emf/ecore/EObject;Lorg/uqbar/project/wollok/interpreter/context/EvaluationContext;Lorg/eclipse/xtext/xbase/lib/Functions$Function0;)Lorg/uqbar/project/wollok/interpreter/core/WollokObject; (157 bytes) @ 0x000002af0e36d264 [0x000002af0e36cf40+0x324]
J 3568 C1 org.uqbar.project.wollok.interpreter.AbstractWollokCallable.call(Lorg/uqbar/project/wollok/wollokDsl/WMethodDeclaration;[Lorg/uqbar/project/wollok/interpreter/core/WollokObject;)Lorg/uqbar/project/wollok/interpreter/core/WollokObject; (46 bytes) @ 0x000002af0e325c94 [0x000002af0e324f60+0xd34]
J 3566 C1 org.uqbar.project.wollok.interpreter.core.WollokObject.call(Ljava/lang/String;[Lorg/uqbar/project/wollok/interpreter/core/WollokObject;)Lorg/uqbar/project/wollok/interpreter/core/WollokObject; (61 bytes) @ 0x000002af0e32074c [0x000002af0e320080+0x6cc]
J 3752 C1 org.uqbar.project.wollok.interpreter.WollokInterpreterEvaluator._evaluate(Lorg/uqbar/project/wollok/wollokDsl/WFeatureCall;)Lorg/uqbar/project/wollok/interpreter/core/WollokObject; (125 bytes) @ 0x000002af0e3d5ab4 [0x000002af0e3d4900+0x11b4]
J 3828 C1 org.uqbar.project.wollok.launch.WollokLauncherInterpreterEvaluator.evaluate(Lorg/eclipse/emf/ecore/EObject;)Lorg/uqbar/project/wollok/interpreter/core/WollokObject; (502 bytes) @ 0x000002af0e43dccc [0x000002af0e439ae0+0x41ec]
J 3829 C1 org.uqbar.project.wollok.interpreter.WollokInterpreter.eval(Lorg/eclipse/emf/ecore/EObject;)Lorg/uqbar/project/wollok/interpreter/core/WollokObject; (190 bytes) @ 0x000002af0e433fac [0x000002af0e433580+0xa2c]
J 3797 C1 org.uqbar.project.wollok.interpreter.WollokInterpreterEvaluator$1.apply(Ljava/lang/Object;Ljava/lang/Object;)Ljava/lang/Object; (13 bytes) @ 0x000002af0e4015ac [0x000002af0e401220+0x38c]
j  org.eclipse.xtext.xbase.lib.IteratorExtensions.fold(Ljava/util/Iterator;Ljava/lang/Object;Lorg/eclipse/xtext/xbase/lib/Functions$Function2;)Ljava/lang/Object;+19
j  org.eclipse.xtext.xbase.lib.IterableExtensions.fold(Ljava/lang/Iterable;Ljava/lang/Object;Lorg/eclipse/xtext/xbase/lib/Functions$Function2;)Ljava/lang/Object;+8
j  org.uqbar.project.wollok.interpreter.WollokInterpreterEvaluator.evalAll(Ljava/lang/Iterable;)Lorg/uqbar/project/wollok/interpreter/core/WollokObject;+12
j  org.uqbar.project.wollok.interpreter.WollokInterpreterEvaluator._evaluate(Lorg/uqbar/project/wollok/wollokDsl/WProgram;)Lorg/uqbar/project/wollok/interpreter/core/WollokObject;+18
j  org.uqbar.project.wollok.launch.WollokLauncherInterpreterEvaluator.evaluate(Lorg/eclipse/emf/ecore/EObject;)Lorg/uqbar/project/wollok/interpreter/core/WollokObject;+444
j  org.uqbar.project.wollok.interpreter.WollokInterpreterEvaluator.evaluate(Lorg/eclipse/emf/ecore/EObject;)Ljava/lang/Object;+2
j  org.uqbar.project.wollok.interpreter.WollokInterpreter.eval(Lorg/eclipse/emf/ecore/EObject;)Lorg/uqbar/project/wollok/interpreter/core/WollokObject;+63
j  org.uqbar.project.wollok.interpreter.WollokInterpreterEvaluator.eval(Lorg/eclipse/emf/ecore/EObject;)Lorg/uqbar/project/wollok/interpreter/core/WollokObject;+5
j  org.uqbar.project.wollok.launch.WollokLauncherInterpreterEvaluator._evaluate(Lorg/uqbar/project/wollok/wollokDsl/WFile;)Lorg/uqbar/project/wollok/interpreter/core/WollokObject;+32
j  org.uqbar.project.wollok.launch.WollokLauncherInterpreterEvaluator.evaluate(Lorg/eclipse/emf/ecore/EObject;)Lorg/uqbar/project/wollok/interpreter/core/WollokObject;+428
j  org.uqbar.project.wollok.interpreter.WollokInterpreterEvaluator.evaluate(Lorg/eclipse/emf/ecore/EObject;)Ljava/lang/Object;+2
j  org.uqbar.project.wollok.interpreter.WollokInterpreter.interpret(Lorg/eclipse/emf/ecore/EObject;Ljava/lang/Boolean;)Lorg/uqbar/project/wollok/interpreter/core/WollokObject;+25
j  org.uqbar.project.wollok.interpreter.WollokInterpreter.interpret(Lorg/eclipse/emf/ecore/EObject;)Lorg/uqbar/project/wollok/interpreter/core/WollokObject;+8
j  org.uqbar.project.wollok.launch.WollokLauncher.doSomething(Lorg/uqbar/project/wollok/wollokDsl/WFile;Lcom/google/inject/Injector;Ljava/io/File;Lorg/uqbar/project/wollok/launch/WollokLauncherParameters;)V+109
j  org.uqbar.project.wollok.launch.WollokChecker.launch(Ljava/lang/String;Lorg/uqbar/project/wollok/launch/WollokLauncherParameters;)V+31
j  org.uqbar.project.wollok.launch.WollokChecker.doMain([Ljava/lang/String;)V+205
j  org.uqbar.project.wollok.launch.WollokLauncher.main([Ljava/lang/String;)V+8
v  ~StubRoutines::call_stub

---------------  P R O C E S S  ---------------

Java Threads: ( => current thread )
  0x000002af31af0000 JavaThread "com.google.inject.internal.util.$Finalizer" daemon [_thread_blocked, id=13836, stack(0x000000c209100000,0x000000c209200000)]
  0x000002af31966000 JavaThread "EMF Reference Cleaner" daemon [_thread_blocked, id=2660, stack(0x000000c209000000,0x000000c209100000)]
  0x000002af30d62800 JavaThread "Service Thread" daemon [_thread_blocked, id=15456, stack(0x000000c208e00000,0x000000c208f00000)]
  0x000002af2eeba000 JavaThread "C1 CompilerThread3" daemon [_thread_blocked, id=10756, stack(0x000000c208d00000,0x000000c208e00000)]
  0x000002af2eeb9000 JavaThread "C2 CompilerThread2" daemon [_thread_blocked, id=11176, stack(0x000000c208c00000,0x000000c208d00000)]
  0x000002af2eeb4000 JavaThread "C2 CompilerThread1" daemon [_thread_blocked, id=3692, stack(0x000000c208b00000,0x000000c208c00000)]
  0x000002af2eeb0000 JavaThread "C2 CompilerThread0" daemon [_thread_blocked, id=11416, stack(0x000000c208a00000,0x000000c208b00000)]
  0x000002af2ee95800 JavaThread "Attach Listener" daemon [_thread_blocked, id=13228, stack(0x000000c208900000,0x000000c208a00000)]
  0x000002af2eeae000 JavaThread "Signal Dispatcher" daemon [_thread_blocked, id=17616, stack(0x000000c208800000,0x000000c208900000)]
  0x000002af2ee7e800 JavaThread "Finalizer" daemon [_thread_blocked, id=12736, stack(0x000000c208700000,0x000000c208800000)]
  0x000002af2ee77000 JavaThread "Reference Handler" daemon [_thread_blocked, id=9764, stack(0x000000c208600000,0x000000c208700000)]
=>0x000002af0bf21000 JavaThread "main" [_thread_in_native, id=14016, stack(0x000000c207c00000,0x000000c207d00000)]

Other Threads:
  0x000002af2ee49000 VMThread [stack: 0x000000c208500000,0x000000c208600000] [id=12432]
  0x000002af30d73800 WatcherThread [stack: 0x000000c208f00000,0x000000c209000000] [id=9220]

VM state:not at safepoint (normal execution)

VM Mutex/Monitor currently owned by a thread: None

heap address: 0x00000005e0c00000, size: 7668 MB, Compressed Oops mode: Zero based, Oop shift amount: 3
Narrow klass base: 0x0000000000000000, Narrow klass shift: 3
Compressed class space size: 1073741824 Address: 0x00000007c0000000

Heap:
 PSYoungGen      total 143360K, used 71790K [0x0000000720400000, 0x0000000731c00000, 0x00000007c0000000)
  eden space 122880K, 58% used [0x0000000720400000,0x0000000724a1b9b0,0x0000000727c00000)
  from space 20480K, 0% used [0x0000000729000000,0x0000000729000000,0x000000072a400000)
  to   space 20480K, 0% used [0x0000000727c00000,0x0000000727c00000,0x0000000729000000)
 ParOldGen       total 220672K, used 18780K [0x00000005e0c00000, 0x00000005ee380000, 0x0000000720400000)
  object space 220672K, 8% used [0x00000005e0c00000,0x00000005e1e571c0,0x00000005ee380000)
 Metaspace       used 22431K, capacity 22808K, committed 22912K, reserved 1069056K
  class space    used 2782K, capacity 2888K, committed 2944K, reserved 1048576K

Card table byte_map: [0x000002af1cbd0000,0x000002af1dad0000] byte_map_base: 0x000002af19cca000

Marking Bits: (ParMarkBitMap*) 0x0000000070c7f810
 Begin Bits: [0x000002af1e4d0000, 0x000002af25ca0000)
 End Bits:   [0x000002af25ca0000, 0x000002af2d470000)

Polling page: 0x000002af0c020000

CodeCache: size=245760Kb used=13232Kb max_used=13232Kb free=232527Kb
 bounds [0x000002af0d810000, 0x000002af0e510000, 0x000002af1c810000]
 total_blobs=4502 nmethods=4049 adapters=365
 compilation: enabled

Compilation events (10 events):
Event: 3.466 Thread 0x000002af2eeba000 4044       3       java.io.FileInputStream::read (9 bytes)
Event: 3.466 Thread 0x000002af2eeba000 nmethod 4044 0x000002af0e504b10 code [0x000002af0e504c80, 0x000002af0e504e10]
Event: 3.476 Thread 0x000002af2eeba000 4046       3       java.nio.DirectByteBuffer::put (18 bytes)
Event: 3.477 Thread 0x000002af2eeba000 nmethod 4046 0x000002af0e505890 code [0x000002af0e505a00, 0x000002af0e505c78]
Event: 3.477 Thread 0x000002af2eeba000 4047       3       java.nio.DirectByteBuffer::ix (10 bytes)
Event: 3.477 Thread 0x000002af2eeba000 nmethod 4047 0x000002af0e505d90 code [0x000002af0e505ee0, 0x000002af0e506038]
Event: 3.477 Thread 0x000002af2eeba000 4049       3       java.nio.DirectByteBuffer::put (18 bytes)
Event: 3.478 Thread 0x000002af2eeba000 nmethod 4049 0x000002af0e5060d0 code [0x000002af0e506240, 0x000002af0e5064b8]
Event: 3.478 Thread 0x000002af2eeba000 4050       1       java.nio.DirectByteBuffer::ix (10 bytes)
Event: 3.478 Thread 0x000002af2eeba000 nmethod 4050 0x000002af0e5065d0 code [0x000002af0e506720, 0x000002af0e506838]

GC Heap History (6 events):
Event: 1.623 GC heap before
{Heap before GC invocations=1 (full 0):
 PSYoungGen      total 143360K, used 122880K [0x0000000720400000, 0x000000072a400000, 0x00000007c0000000)
  eden space 122880K, 100% used [0x0000000720400000,0x0000000727c00000,0x0000000727c00000)
  from space 20480K, 0% used [0x0000000729000000,0x0000000729000000,0x000000072a400000)
  to   space 20480K, 0% used [0x0000000727c00000,0x0000000727c00000,0x0000000729000000)
 ParOldGen       total 327680K, used 0K [0x00000005e0c00000, 0x00000005f4c00000, 0x0000000720400000)
  object space 327680K, 0% used [0x00000005e0c00000,0x00000005e0c00000,0x00000005f4c00000)
 Metaspace       used 16193K, capacity 16374K, committed 16768K, reserved 1064960K
  class space    used 2026K, capacity 2099K, committed 2176K, reserved 1048576K
Event: 1.636 GC heap after
Heap after GC invocations=1 (full 0):
 PSYoungGen      total 143360K, used 20456K [0x0000000720400000, 0x000000072a400000, 0x00000007c0000000)
  eden space 122880K, 0% used [0x0000000720400000,0x0000000720400000,0x0000000727c00000)
  from space 20480K, 99% used [0x0000000727c00000,0x0000000728ffa378,0x0000000729000000)
  to   space 20480K, 0% used [0x0000000729000000,0x0000000729000000,0x000000072a400000)
 ParOldGen       total 327680K, used 1322K [0x00000005e0c00000, 0x00000005f4c00000, 0x0000000720400000)
  object space 327680K, 0% used [0x00000005e0c00000,0x00000005e0d4a9b0,0x00000005f4c00000)
 Metaspace       used 16193K, capacity 16374K, committed 16768K, reserved 1064960K
  class space    used 2026K, capacity 2099K, committed 2176K, reserved 1048576K
}
Event: 2.614 GC heap before
{Heap before GC invocations=2 (full 0):
 PSYoungGen      total 143360K, used 75335K [0x0000000720400000, 0x000000072a400000, 0x00000007c0000000)
  eden space 122880K, 44% used [0x0000000720400000,0x0000000723997c48,0x0000000727c00000)
  from space 20480K, 99% used [0x0000000727c00000,0x0000000728ffa378,0x0000000729000000)
  to   space 20480K, 0% used [0x0000000729000000,0x0000000729000000,0x000000072a400000)
 ParOldGen       total 327680K, used 1322K [0x00000005e0c00000, 0x00000005f4c00000, 0x0000000720400000)
  object space 327680K, 0% used [0x00000005e0c00000,0x00000005e0d4a9b0,0x00000005f4c00000)
 Metaspace       used 20850K, capacity 21124K, committed 21248K, reserved 1067008K
  class space    used 2645K, capacity 2746K, committed 2816K, reserved 1048576K
Event: 2.627 GC heap after
Heap after GC invocations=2 (full 0):
 PSYoungGen      total 143360K, used 19091K [0x0000000720400000, 0x0000000731c00000, 0x00000007c0000000)
  eden space 122880K, 0% used [0x0000000720400000,0x0000000720400000,0x0000000727c00000)
  from space 20480K, 93% used [0x0000000729000000,0x000000072a2a4d20,0x000000072a400000)
  to   space 20480K, 0% used [0x0000000727c00000,0x0000000727c00000,0x0000000729000000)
 ParOldGen       total 327680K, used 1346K [0x00000005e0c00000, 0x00000005f4c00000, 0x0000000720400000)
  object space 327680K, 0% used [0x00000005e0c00000,0x00000005e0d509b0,0x00000005f4c00000)
 Metaspace       used 20850K, capacity 21124K, committed 21248K, reserved 1067008K
  class space    used 2645K, capacity 2746K, committed 2816K, reserved 1048576K
}
Event: 2.627 GC heap before
{Heap before GC invocations=3 (full 1):
 PSYoungGen      total 143360K, used 19091K [0x0000000720400000, 0x0000000731c00000, 0x00000007c0000000)
  eden space 122880K, 0% used [0x0000000720400000,0x0000000720400000,0x0000000727c00000)
  from space 20480K, 93% used [0x0000000729000000,0x000000072a2a4d20,0x000000072a400000)
  to   space 20480K, 0% used [0x0000000727c00000,0x0000000727c00000,0x0000000729000000)
 ParOldGen       total 327680K, used 1346K [0x00000005e0c00000, 0x00000005f4c00000, 0x0000000720400000)
  object space 327680K, 0% used [0x00000005e0c00000,0x00000005e0d509b0,0x00000005f4c00000)
 Metaspace       used 20850K, capacity 21124K, committed 21248K, reserved 1067008K
  class space    used 2645K, capacity 2746K, committed 2816K, reserved 1048576K
Event: 2.674 GC heap after
Heap after GC invocations=3 (full 1):
 PSYoungGen      total 143360K, used 0K [0x0000000720400000, 0x0000000731c00000, 0x00000007c0000000)
  eden space 122880K, 0% used [0x0000000720400000,0x0000000720400000,0x0000000727c00000)
  from space 20480K, 0% used [0x0000000729000000,0x0000000729000000,0x000000072a400000)
  to   space 20480K, 0% used [0x0000000727c00000,0x0000000727c00000,0x0000000729000000)
 ParOldGen       total 220672K, used 18780K [0x00000005e0c00000, 0x00000005ee380000, 0x0000000720400000)
  object space 220672K, 8% used [0x00000005e0c00000,0x00000005e1e571c0,0x00000005ee380000)
 Metaspace       used 20850K, capacity 21124K, committed 21248K, reserved 1067008K
  class space    used 2645K, capacity 2746K, committed 2816K, reserved 1048576K
}

Deoptimization events (10 events):
Event: 3.100 Thread 0x000002af0bf21000 Uncommon trap: reason=array_check action=maybe_recompile pc=0x000002af0e3891ec method=java.util.AbstractCollection.toArray([Ljava/lang/Object;)[Ljava/lang/Object; @ 119
Event: 3.102 Thread 0x000002af0bf21000 Uncommon trap: reason=array_check action=maybe_recompile pc=0x000002af0e3891ec method=java.util.AbstractCollection.toArray([Ljava/lang/Object;)[Ljava/lang/Object; @ 119
Event: 3.135 Thread 0x000002af0bf21000 Uncommon trap: reason=class_check action=maybe_recompile pc=0x000002af0e3e00f0 method=com.google.common.collect.Lists$TransformingRandomAccessList.<init>(Ljava/util/List;Lcom/google/common/base/Function;)V @ 9
Event: 3.135 Thread 0x000002af0bf21000 Uncommon trap: reason=class_check action=maybe_recompile pc=0x000002af0e3e00f0 method=com.google.common.collect.Lists$TransformingRandomAccessList.<init>(Ljava/util/List;Lcom/google/common/base/Function;)V @ 9
Event: 3.135 Thread 0x000002af0bf21000 Uncommon trap: reason=class_check action=maybe_recompile pc=0x000002af0e3e00f0 method=com.google.common.collect.Lists$TransformingRandomAccessList.<init>(Ljava/util/List;Lcom/google/common/base/Function;)V @ 9
Event: 3.135 Thread 0x000002af0bf21000 Uncommon trap: reason=class_check action=maybe_recompile pc=0x000002af0e3e00f0 method=com.google.common.collect.Lists$TransformingRandomAccessList.<init>(Ljava/util/List;Lcom/google/common/base/Function;)V @ 9
Event: 3.353 Thread 0x000002af0bf21000 Uncommon trap: reason=unstable_if action=reinterpret pc=0x000002af0db7b110 method=java.io.WinNTFileSystem.normalize(Ljava/lang/String;)Ljava/lang/String; @ 49
Event: 3.368 Thread 0x000002af0bf21000 Uncommon trap: reason=predicate action=maybe_recompile pc=0x000002af0dc77ae4 method=java.lang.String.regionMatches(ZILjava/lang/String;II)Z @ 63
Event: 3.446 Thread 0x000002af0bf21000 Uncommon trap: reason=unstable_if action=reinterpret pc=0x000002af0da6f99c method=java.lang.ThreadLocal$ThreadLocalMap.getEntry(Ljava/lang/ThreadLocal;)Ljava/lang/ThreadLocal$ThreadLocalMap$Entry; @ 29
Event: 3.446 Thread 0x000002af0bf21000 Uncommon trap: reason=unstable_if action=reinterpret pc=0x000002af0da6fe2c method=java.lang.ThreadLocal$ThreadLocalMap.getEntry(Ljava/lang/ThreadLocal;)Ljava/lang/ThreadLocal$ThreadLocalMap$Entry; @ 29

Classes redefined (0 events):
No events

Internal exceptions (10 events):
Event: 2.601 Thread 0x000002af0bf21000 Exception <a 'java/lang/reflect/InvocationTargetException'> (0x00000007236e7118) thrown at [J:\jenkins\tmp\workspace\build\src\hotspot\src\share\vm\runtime\reflection.cpp, line 1092]
Event: 2.602 Thread 0x000002af0bf21000 Exception <a 'java/lang/reflect/InvocationTargetException'> (0x00000007237038a0) thrown at [J:\jenkins\tmp\workspace\build\src\hotspot\src\share\vm\runtime\reflection.cpp, line 1092]
Event: 2.603 Thread 0x000002af0bf21000 Exception <a 'java/lang/reflect/InvocationTargetException'> (0x000000072371fff8) thrown at [J:\jenkins\tmp\workspace\build\src\hotspot\src\share\vm\runtime\reflection.cpp, line 1092]
Event: 2.604 Thread 0x000002af0bf21000 Exception <a 'java/lang/reflect/InvocationTargetException'> (0x000000072373c848) thrown at [J:\jenkins\tmp\workspace\build\src\hotspot\src\share\vm\runtime\reflection.cpp, line 1092]
Event: 3.485 Thread 0x000002af0bf21000 Exception <a 'java/security/PrivilegedActionException'> (0x00000007248a1820) thrown at [J:\jenkins\tmp\workspace\build\src\hotspot\src\share\vm\prims\jvm.cpp, line 1514]
Event: 3.485 Thread 0x000002af0bf21000 Exception <a 'java/security/PrivilegedActionException'> (0x00000007248a2d50) thrown at [J:\jenkins\tmp\workspace\build\src\hotspot\src\share\vm\prims\jvm.cpp, line 1514]
Event: 3.485 Thread 0x000002af0bf21000 Exception <a 'java/security/PrivilegedActionException'> (0x00000007248a4180) thrown at [J:\jenkins\tmp\workspace\build\src\hotspot\src\share\vm\prims\jvm.cpp, line 1514]
Event: 3.485 Thread 0x000002af0bf21000 Exception <a 'java/security/PrivilegedActionException'> (0x00000007248a5840) thrown at [J:\jenkins\tmp\workspace\build\src\hotspot\src\share\vm\prims\jvm.cpp, line 1514]
Event: 3.485 Thread 0x000002af0bf21000 Exception <a 'java/security/PrivilegedActionException'> (0x00000007248a6c38) thrown at [J:\jenkins\tmp\workspace\build\src\hotspot\src\share\vm\prims\jvm.cpp, line 1514]
Event: 3.485 Thread 0x000002af0bf21000 Exception <a 'java/security/PrivilegedActionException'> (0x00000007248a8000) thrown at [J:\jenkins\tmp\workspace\build\src\hotspot\src\share\vm\prims\jvm.cpp, line 1514]

Events (10 events):
Event: 3.509 loading class org/lwjgl/openal/ALCdevice
Event: 3.509 loading class org/lwjgl/openal/ALCdevice done
Event: 3.509 loading class org/lwjgl/openal/ALCcontext
Event: 3.509 loading class org/lwjgl/openal/ALCcontext done
Event: 3.510 loading class java/nio/DirectIntBufferU
Event: 3.510 loading class java/nio/DirectIntBufferU done
Event: 3.510 loading class org/lwjgl/openal/Util
Event: 3.510 loading class org/lwjgl/openal/Util done
Event: 3.510 loading class org/lwjgl/openal/OpenALException
Event: 3.510 loading class org/lwjgl/openal/OpenALException done


Dynamic libraries:
0x00007ff72a6f0000 - 0x00007ff72a736000 	C:\Program Files\Eclipse Adoptium\jdk-8.0.382.5-hotspot\bin\javaw.exe
0x00007ffcc1bb0000 - 0x00007ffcc1da7000 	C:\WINDOWS\SYSTEM32\ntdll.dll
0x00007ffcc12b0000 - 0x00007ffcc136d000 	C:\WINDOWS\System32\KERNEL32.DLL
0x00007ffcbf6d0000 - 0x00007ffcbf9c6000 	C:\WINDOWS\System32\KERNELBASE.dll
0x00007ffcbb960000 - 0x00007ffcbb9f0000 	C:\WINDOWS\SYSTEM32\apphelp.dll
0x00007ffcbff60000 - 0x00007ffcc000e000 	C:\WINDOWS\System32\ADVAPI32.dll
0x00007ffcc0d30000 - 0x00007ffcc0dce000 	C:\WINDOWS\System32\msvcrt.dll
0x00007ffcc1480000 - 0x00007ffcc151c000 	C:\WINDOWS\System32\sechost.dll
0x00007ffcbfcd0000 - 0x00007ffcbfdf6000 	C:\WINDOWS\System32\RPCRT4.dll
0x00007ffcc1600000 - 0x00007ffcc179e000 	C:\WINDOWS\System32\USER32.dll
0x00007ffcbf6a0000 - 0x00007ffcbf6c2000 	C:\WINDOWS\System32\win32u.dll
0x00007ffcbfe00000 - 0x00007ffcbfe2c000 	C:\WINDOWS\System32\GDI32.dll
0x00007ffcbf9d0000 - 0x00007ffcbfaea000 	C:\WINDOWS\System32\gdi32full.dll
0x00007ffcbfb40000 - 0x00007ffcbfbdd000 	C:\WINDOWS\System32\msvcp_win.dll
0x00007ffcbf5a0000 - 0x00007ffcbf6a0000 	C:\WINDOWS\System32\ucrtbase.dll
0x00007ffca9220000 - 0x00007ffca94ba000 	C:\WINDOWS\WinSxS\amd64_microsoft.windows.common-controls_6595b64144ccf1df_6.0.19041.3570_none_60bb2a3971f3e41a\COMCTL32.dll
0x00007ffcc1450000 - 0x00007ffcc1480000 	C:\WINDOWS\System32\IMM32.DLL
0x00007ffcb9ae0000 - 0x00007ffcb9af5000 	C:\Program Files\Eclipse Adoptium\jdk-8.0.382.5-hotspot\jre\bin\vcruntime140.dll
0x00007ffc97830000 - 0x00007ffc978cb000 	C:\Program Files\Eclipse Adoptium\jdk-8.0.382.5-hotspot\jre\bin\msvcp140.dll
0x00000000704a0000 - 0x0000000070cf8000 	C:\Program Files\Eclipse Adoptium\jdk-8.0.382.5-hotspot\jre\bin\server\jvm.dll
0x00007ffcc0520000 - 0x00007ffcc0528000 	C:\WINDOWS\System32\PSAPI.DLL
0x00007ffcb3a80000 - 0x00007ffcb3aa7000 	C:\WINDOWS\SYSTEM32\WINMM.dll
0x00007ffca0150000 - 0x00007ffca0159000 	C:\WINDOWS\SYSTEM32\WSOCK32.dll
0x00007ffcb3a70000 - 0x00007ffcb3a7a000 	C:\WINDOWS\SYSTEM32\VERSION.dll
0x00007ffcc1b00000 - 0x00007ffcc1b6b000 	C:\WINDOWS\System32\WS2_32.dll
0x00007ffcbd150000 - 0x00007ffcbd162000 	C:\WINDOWS\SYSTEM32\kernel.appcore.dll
0x00007ffc9f820000 - 0x00007ffc9f830000 	C:\Program Files\Eclipse Adoptium\jdk-8.0.382.5-hotspot\jre\bin\verify.dll
0x00007ffc77300000 - 0x00007ffc7732b000 	C:\Program Files\Eclipse Adoptium\jdk-8.0.382.5-hotspot\jre\bin\java.dll
0x00007ffc74840000 - 0x00007ffc74858000 	C:\Program Files\Eclipse Adoptium\jdk-8.0.382.5-hotspot\jre\bin\zip.dll
0x00007ffcc05e0000 - 0x00007ffcc0d24000 	C:\WINDOWS\System32\SHELL32.dll
0x00007ffcbd350000 - 0x00007ffcbdaeb000 	C:\WINDOWS\SYSTEM32\windows.storage.dll
0x00007ffcc0010000 - 0x00007ffcc0364000 	C:\WINDOWS\System32\combase.dll
0x00007ffcbec60000 - 0x00007ffcbec8d000 	C:\WINDOWS\SYSTEM32\Wldp.dll
0x00007ffcc0530000 - 0x00007ffcc05dd000 	C:\WINDOWS\System32\SHCORE.dll
0x00007ffcbfe30000 - 0x00007ffcbfe85000 	C:\WINDOWS\System32\shlwapi.dll
0x00007ffcbf1c0000 - 0x00007ffcbf1e5000 	C:\WINDOWS\SYSTEM32\profapi.dll
0x0000000065580000 - 0x0000000065616000 	C:\Users\Pedro\AppData\Local\Temp\libgdxPedro\12dfaa03\gdx64.dll
0x00007ffcbebb0000 - 0x00007ffcbebc8000 	C:\WINDOWS\SYSTEM32\CRYPTSP.dll
0x00007ffcbe270000 - 0x00007ffcbe2a4000 	C:\WINDOWS\system32\rsaenh.dll
0x00007ffcbfbe0000 - 0x00007ffcbfc07000 	C:\WINDOWS\System32\bcrypt.dll
0x00007ffcbf140000 - 0x00007ffcbf16e000 	C:\WINDOWS\SYSTEM32\USERENV.dll
0x00007ffcbf3f0000 - 0x00007ffcbf472000 	C:\WINDOWS\System32\bcryptprimitives.dll
0x00007ffcbebd0000 - 0x00007ffcbebdc000 	C:\WINDOWS\SYSTEM32\CRYPTBASE.dll
0x00007ffc74820000 - 0x00007ffc7483c000 	C:\Program Files\Eclipse Adoptium\jdk-8.0.382.5-hotspot\jre\bin\net.dll
0x00007ffcbe960000 - 0x00007ffcbe9ca000 	C:\WINDOWS\system32\mswsock.dll
0x00007ffcbe650000 - 0x00007ffcbe68b000 	C:\WINDOWS\SYSTEM32\IPHLPAPI.DLL
0x00007ffcbfcc0000 - 0x00007ffcbfcc8000 	C:\WINDOWS\System32\NSI.dll
0x00007ffcb9cf0000 - 0x00007ffcb9d07000 	C:\WINDOWS\SYSTEM32\dhcpcsvc6.DLL
0x00007ffcb9cd0000 - 0x00007ffcb9ced000 	C:\WINDOWS\SYSTEM32\dhcpcsvc.DLL
0x00007ffcbe690000 - 0x00007ffcbe75a000 	C:\WINDOWS\SYSTEM32\DNSAPI.dll
0x00007ffc6cd70000 - 0x00007ffc6cd83000 	C:\Program Files\Eclipse Adoptium\jdk-8.0.382.5-hotspot\jre\bin\nio.dll
0x0000000180000000 - 0x0000000180053000 	C:\Users\Pedro\AppData\Local\Temp\libgdxPedro\dc0f0009\lwjgl64.dll
0x00007ffc7d1c0000 - 0x00007ffc7d2e5000 	C:\WINDOWS\SYSTEM32\OPENGL32.dll
0x00007ffc7cc50000 - 0x00007ffc7cc7c000 	C:\WINDOWS\SYSTEM32\GLU32.dll
0x000002af35980000 - 0x000002af359e4000 	C:\Users\Pedro\AppData\Local\Temp\libgdxPedro\dc0f0009\OpenAL64.dll
0x00007ffcc1950000 - 0x00007ffcc1a7b000 	C:\WINDOWS\System32\ole32.dll
0x00007ffcbcc80000 - 0x00007ffcbcd1e000 	C:\WINDOWS\system32\uxtheme.dll
0x00007ffcbfc10000 - 0x00007ffcbfcb9000 	C:\WINDOWS\System32\clbcatq.dll
0x00007ffc65fc0000 - 0x00007ffc6605c000 	C:\WINDOWS\SYSTEM32\dsound.dll
0x00007ffcae690000 - 0x00007ffcae6b6000 	C:\WINDOWS\SYSTEM32\winmmbase.dll
0x00007ffcbee10000 - 0x00007ffcbee5b000 	C:\WINDOWS\SYSTEM32\powrprof.dll
0x00007ffcbed00000 - 0x00007ffcbed12000 	C:\WINDOWS\SYSTEM32\UMPDC.dll
0x00007ffcb6df0000 - 0x00007ffcb6e75000 	C:\WINDOWS\System32\MMDevApi.dll
0x00007ffcbf020000 - 0x00007ffcbf053000 	C:\WINDOWS\System32\DEVOBJ.dll
0x00007ffcbfaf0000 - 0x00007ffcbfb3e000 	C:\WINDOWS\System32\cfgmgr32.dll
0x00007ffcaa5a0000 - 0x00007ffcaa722000 	C:\WINDOWS\SYSTEM32\AUDIOSES.DLL
0x00007ffcbfe90000 - 0x00007ffcbff5d000 	C:\WINDOWS\System32\OLEAUT32.dll
0x00007ffcb7640000 - 0x00007ffcb7824000 	C:\WINDOWS\SYSTEM32\dbghelp.dll

VM Arguments:
jvm_args: -Duser.language=es_AR -Dfile.encoding=UTF-8 
java_command: org.uqbar.project.wollok.launch.WollokLauncher -requestsPort 0 -eventsPort 0 -folder -dontValidate -wf src/game.wpgm
java_class_path (initial): C:\Users\Pedro\git\pokeW\bin;C:\Program Files\Eclipse Adoptium\jdk-8.0.382.5-hotspot\plugins\com.ibm.icu_64.2.0.v20190507-1337.jar;C:\Program Files\Eclipse Adoptium\jdk-8.0.382.5-hotspot\plugins\org.eclipse.xtext_2.20.0.v20191202-0915.jar;C:\Program Files\Eclipse Adoptium\jdk-8.0.382.5-hotspot\plugins\org.eclipse.emf.ecore.xmi_2.16.0.v20190528-0725.jar;C:\Program Files\Eclipse Adoptium\jdk-8.0.382.5-hotspot\plugins\org.eclipse.emf.ecore_2.20.0.v20190920-0401.jar;C:\Program Files\Eclipse Adoptium\jdk-8.0.382.5-hotspot\plugins\org.eclipse.emf.common_2.17.0.v20190920-0401.jar;C:\Program Files\Eclipse Adoptium\jdk-8.0.382.5-hotspot\plugins\org.antlr.runtime_3.2.0.v201101311130.jar;C:\Program Files\Eclipse Adoptium\jdk-8.0.382.5-hotspot\plugins\com.google.inject_3.0.0.v201605172100.jar;C:\Program Files\Eclipse Adoptium\jdk-8.0.382.5-hotspot\plugins\org.eclipse.emf.mwe.core_1.5.1.v20191121-1148.jar;C:\Program Files\Eclipse Adoptium\jdk-8.0.382.5-hotspot\plugins\org.apache.commons.cli_1.2.0.v201404270220.jar;C:\Program Files\Eclipse Adoptium\jdk-8.0.382.5-hotspot\plugins\org.eclipse.emf.mwe2.runtime_2.11.1.v20191121-1148.jar;C:\Program Files\Eclipse Adoptium\jdk-8.0.382.5-hotspot\plugins\org.eclipse.emf.mwe.utils_1.5.1.v20191121-1148.jar;C:\Program Files\Eclipse Adoptium\jdk-8.0.382.5-hotspot\plugins\org.eclipse.xtext.util_2.20.0.v20191202-0915.jar;C:\Program Files\Eclipse Adoptium\jdk-8.0.382.5-hotspot\plugins\com.google.guava_27.1.0.v20190517-1946.jar;C:\Program Files\Eclipse Adoptium\jdk-8.0.382.5-hotspot\plugins\javax.inject_1.0.0.v20091030.jar;C:\Program Files\Eclipse Adoptium\jdk-8.0.382.5-hotspot\plugins\org.eclipse.xtext.generator_2.20.0.v20191202-0933.jar;C:\Program Files\Eclipse Adoptium\jdk-8.0.382.5-hotspot\plugins\org.eclipse.xtext.xtext.generator_2.20.0.v20191202-0915.jar;C:\Program Files\Eclipse Adoptium\jdk-8.0.382.5-hotspot\plugins\org.eclipse.xtext.xbase.lib_2.20.0.v20191202-0907.jar;C:\Program Files\Eclipse Adoptium\jdk-8.0.3
Launcher Type: SUN_STANDARD

Environment Variables:
PATH=C:/Program Files/Eclipse Adoptium/jdk-8.0.382.5-hotspot/jre/bin/server;C:/Program Files/Eclipse Adoptium/jdk-8.0.382.5-hotspot/jre/bin;C:/Program Files/Eclipse Adoptium/jdk-8.0.382.5-hotspot/jre/lib/amd64;C:\Users\Pedro\AppData\Local\Programs\Python\Python39\Scripts\;C:\Users\Pedro\AppData\Local\Programs\Python\Python39\;C:\Program Files (x86)\Common Files\Oracle\Java\javapath;C:\Program Files\Eclipse Adoptium\jdk-8.0.382.5-hotspot\bin;C:\Python311\Scripts\;C:\Python311\;C:\Python39\Scripts\;C:\Python39\;C:\Program Files (x86)\NVIDIA Corporation\PhysX\Common;C:\WINDOWS\system32;C:\WINDOWS;C:\WINDOWS\System32\Wbem;C:\WINDOWS\System32\WindowsPowerShell\v1.0\;C:\WINDOWS\System32\OpenSSH\;C:\ProgramData\chocolatey\bin;C:\Program Files\MySQL\MySQL Server 5.7\bin;C:\Program Files\nodejs\;C:\php;C:\ProgramData\ComposerSetup\bin;C:\Program Files\MySQL\MySQL Shell 8.0\bin\;C:\Users\Pedro\AppData\Local\Microsoft\WindowsApps;C:\Users\Pedro\AppData\Local\Programs\Microsoft VS Code\bin;C:\Users\Pedro\AppData\Roaming\npm;C:\Users\Pedro\AppData\Roaming\Composer\vendor\bin;C:\Users\Pedro\anaconda3\Scripts;C:\Users\Pedro\anaconda3\Library\bin\conda.bat;C:\Users\Pedro\anaconda3\Scripts\conda.exe;C:\Program Files\Eclipse Adoptium\jdk-8.0.382.5-hotspot;
USERNAME=Pedro
OS=Windows_NT
PROCESSOR_IDENTIFIER=AMD64 Family 23 Model 24 Stepping 1, AuthenticAMD



---------------  S Y S T E M  ---------------

OS: Windows 10 , 64 bit Build 19041 (10.0.19041.3570)

CPU:total 8 (initial active 8) (8 cores per cpu, 1 threads per core) family 23 model 24 stepping 1, cmov, cx8, fxsr, mmx, sse, sse2, sse3, ssse3, sse4.1, sse4.2, popcnt, avx, avx2, aes, clmul, mmxext, 3dnowpref, lzcnt, sse4a, tsc, tscinvbit, tscinv, bmi1

Memory: 4k page, physical 31404328k(19233380k free), swap 36122920k(19276824k free)

vm_info: OpenJDK 64-Bit Server VM (25.382-b05) for windows-amd64 JRE (1.8.0_382-b05), built on Jul 19 2023 15:37:29 by "jenkins" with MS VC++ 15.9 (VS2017)

time: Mon Oct 23 23:52:11 2023
timezone: Hora estándar de Argentina
elapsed time: 3.529379 seconds (0d 0h 0m 3s)

